2025-07-28 21:54:50,736 [INFO] Activator:176 - 


2025-07-28 21:54:50,781 [INFO] Activator:177 - !SESSION log4j initialized
2025-07-28 21:54:58,284 [INFO] LogOutputStream:77 - [STDOUT_REDIRECT] 
2025-07-28 21:54:59,665 [INFO] ApplicationProperties:184 - Using Application install path: C:\ST\STM32CubeIDE_1.19.0\STM32CubeIDE\plugins\com.st.stm32cube.common.mx_6.15.0.202507011659
2025-07-28 21:54:59,687 [INFO] DbMcusXml:78 - Set database path to: C:\ST\STM32CubeIDE_1.19.0\STM32CubeIDE\plugins\com.st.stm32cube.common.mx_6.15.0.202507011659\\db\/mcu/
2025-07-28 21:54:59,688 [INFO] ApiDb:274 - Set plugin database path to: C:\ST\STM32CubeIDE_1.19.0\STM32CubeIDE\plugins\com.st.stm32cube.common.mx_6.15.0.202507011659\\db\/plugins/boardmanager/
2025-07-28 21:54:59,688 [WARN] ApiDb:259 - Overriding images path with different value:  => C:\ST\STM32CubeIDE_1.19.0\STM32CubeIDE\plugins\com.st.stm32cube.common.mx_6.15.0.202507011659\\db\/plugins/mcufinder/images/
2025-07-28 21:54:59,698 [INFO] ApiDb:250 - Set database path to: C:\Users\Admin\.stmcufinder\plugins\mcufinder//mcu/
2025-07-28 21:54:59,699 [INFO] DbMcusAds:125 - Set database path to: C:\Users\Admin\.stmcufinder\plugins\mcufinder//mcu/
2025-07-28 21:54:59,701 [INFO] CrossReferenceDbSqlite:203 - Set database path to: C:\Users\Admin\.stmcufinder\plugins\mcufinder//mcu/cs/
2025-07-28 21:54:59,858 [INFO] RulesReader:64 - Compatibility file has been processed (317 Rules)
2025-07-28 21:54:59,958 [INFO] DbMcusXml:78 - Set database path to: C:\ST\STM32CubeIDE_1.19.0\STM32CubeIDE\plugins\com.st.stm32cube.common.mx_6.15.0.202507011659\\db\/mcu/
2025-07-28 21:54:59,958 [INFO] ApiDb:274 - Set plugin database path to: C:\ST\STM32CubeIDE_1.19.0\STM32CubeIDE\plugins\com.st.stm32cube.common.mx_6.15.0.202507011659\\db\/plugins/boardmanager/
2025-07-28 21:54:59,958 [INFO] ApiDb:261 - Set plugin images path to: C:\ST\STM32CubeIDE_1.19.0\STM32CubeIDE\plugins\com.st.stm32cube.common.mx_6.15.0.202507011659\\db\/plugins/mcufinder/images/
2025-07-28 21:54:59,958 [WARN] DbFile:41 - Overriding database path with different value: C:\Users\Admin\.stmcufinder\plugins\mcufinder/ => C:\Users\Admin\.stmcufinder\plugins\mcufinder
2025-07-28 21:54:59,959 [INFO] ApiDb:250 - Set database path to: C:\Users\Admin\.stmcufinder\plugins\mcufinder//mcu/
2025-07-28 21:54:59,959 [WARN] DbFile:41 - Overriding database path with different value: C:\Users\Admin\.stmcufinder\plugins\mcufinder/ => C:\Users\Admin\.stmcufinder\plugins\mcufinder
2025-07-28 21:54:59,959 [INFO] DbMcusAds:125 - Set database path to: C:\Users\Admin\.stmcufinder\plugins\mcufinder//mcu/
2025-07-28 21:54:59,959 [WARN] DbFile:41 - Overriding database path with different value: C:\Users\Admin\.stmcufinder\plugins\mcufinder/ => C:\Users\Admin\.stmcufinder\plugins\mcufinder
2025-07-28 21:54:59,959 [WARN] DbFile:41 - Overriding database path with different value: C:\Users\Admin\.stmcufinder\plugins\mcufinder/ => C:\Users\Admin\.stmcufinder\plugins\mcufinder
2025-07-28 21:54:59,959 [INFO] CrossReferenceDbSqlite:203 - Set database path to: C:\Users\Admin\.stmcufinder\plugins\mcufinder//mcu/cs/
2025-07-28 21:55:00,065 [INFO] MainPanel:274 - HeapMemory: 268435456
2025-07-28 21:55:00,225 [INFO] DbMcusXml:78 - Set database path to: C:\ST\STM32CubeIDE_1.19.0\STM32CubeIDE\plugins\com.st.stm32cube.common.mx_6.15.0.202507011659\\db\/mcu/
2025-07-28 21:55:00,225 [INFO] ApiDb:274 - Set plugin database path to: C:\ST\STM32CubeIDE_1.19.0\STM32CubeIDE\plugins\com.st.stm32cube.common.mx_6.15.0.202507011659\\db\/plugins/boardmanager/
2025-07-28 21:55:00,225 [INFO] ApiDb:261 - Set plugin images path to: C:\ST\STM32CubeIDE_1.19.0\STM32CubeIDE\plugins\com.st.stm32cube.common.mx_6.15.0.202507011659\\db\/plugins/mcufinder/images/
2025-07-28 21:55:00,225 [WARN] DbFile:41 - Overriding database path with different value: C:\Users\Admin\.stmcufinder\plugins\mcufinder/ => C:\Users\Admin\.stmcufinder\plugins\mcufinder
2025-07-28 21:55:00,225 [INFO] ApiDb:250 - Set database path to: C:\Users\Admin\.stmcufinder\plugins\mcufinder//mcu/
2025-07-28 21:55:00,225 [WARN] DbFile:41 - Overriding database path with different value: C:\Users\Admin\.stmcufinder\plugins\mcufinder/ => C:\Users\Admin\.stmcufinder\plugins\mcufinder
2025-07-28 21:55:00,226 [INFO] DbMcusAds:125 - Set database path to: C:\Users\Admin\.stmcufinder\plugins\mcufinder//mcu/
2025-07-28 21:55:00,226 [WARN] DbFile:41 - Overriding database path with different value: C:\Users\Admin\.stmcufinder\plugins\mcufinder/ => C:\Users\Admin\.stmcufinder\plugins\mcufinder
2025-07-28 21:55:00,226 [WARN] DbFile:41 - Overriding database path with different value: C:\Users\Admin\.stmcufinder\plugins\mcufinder/ => C:\Users\Admin\.stmcufinder\plugins\mcufinder
2025-07-28 21:55:00,226 [INFO] CrossReferenceDbSqlite:203 - Set database path to: C:\Users\Admin\.stmcufinder\plugins\mcufinder//mcu/cs/
2025-07-28 21:55:00,253 [INFO] ApplicationProperties:184 - Using Application install path: C:\ST\STM32CubeIDE_1.19.0\STM32CubeIDE\plugins\com.st.stm32cube.common.mx_6.15.0.202507011659
2025-07-28 21:55:00,255 [INFO] PluginManage:196 - Search for loadable plugins [exclusion list=, ]
2025-07-28 21:55:00,257 [INFO] PluginManage:310 - Check plugin analytics
2025-07-28 21:55:00,429 [INFO] AnalyticsPlugin:253 - Accepted Software Licenses: STM32CubeMX.6.13.0
2025-07-28 21:55:00,429 [INFO] AnalyticsPlugin:255 - Accepted CMSIS Pack Licenses: 
2025-07-28 21:55:00,429 [INFO] AnalyticsPlugin:257 - Accepted Firmware Licenses: FW.F4.1.28.0
2025-07-28 21:55:00,431 [INFO] PluginManage:359 - Loaded plugin analytics (category:tool,tabindex:-1)
2025-07-28 21:55:00,432 [INFO] PluginManage:310 - Check plugin cadmodel
2025-07-28 21:55:00,476 [INFO] CADModel:105 - Init CAD model plugin
2025-07-28 21:55:00,476 [INFO] PluginManage:359 - Loaded plugin cadmodel (category:power,tabindex:5)
2025-07-28 21:55:00,476 [INFO] PluginManage:310 - Check plugin clock
2025-07-28 21:55:00,486 [INFO] PluginManage:359 - Loaded plugin clock (category:base,tabindex:2)
2025-07-28 21:55:00,486 [INFO] PluginManage:310 - Check plugin ddr
2025-07-28 21:55:00,489 [INFO] PluginManage:359 - Loaded plugin ddr (category:tool,tabindex:6)
2025-07-28 21:55:00,490 [INFO] PluginManage:310 - Check plugin filemanager
2025-07-28 21:55:00,674 [INFO] PluginManage:359 - Loaded plugin filemanager (category:base,tabindex:10)
2025-07-28 21:55:00,674 [INFO] PluginManage:310 - Check plugin ipmanager
2025-07-28 21:55:00,682 [INFO] PluginManage:359 - Loaded plugin ipmanager (category:base,tabindex:5)
2025-07-28 21:55:00,682 [INFO] PluginManage:310 - Check plugin lpbam
2025-07-28 21:55:00,692 [INFO] PluginManage:359 - Loaded plugin lpbam (category:base,tabindex:0)
2025-07-28 21:55:00,692 [INFO] PluginManage:310 - Check plugin memorymap
2025-07-28 21:55:00,715 [INFO] PluginManage:359 - Loaded plugin memorymap (category:base,tabindex:4)
2025-07-28 21:55:00,716 [INFO] PluginManage:310 - Check plugin pinoutandconfiguration
2025-07-28 21:55:00,725 [INFO] PluginManage:359 - Loaded plugin pinoutandconfiguration (category:base,tabindex:1)
2025-07-28 21:55:00,726 [INFO] PluginManage:310 - Check plugin pinoutconfig
2025-07-28 21:55:00,858 [WARN] SupportedApi:132 - Cannot load RTOS API schema: s4s-elt-must-match.1: The content of 'definitions' must match (annotation?, (simpleType | complexType)?, (unique | key | keyref)*)). A problem was found starting at: attribute.
2025-07-28 21:55:01,063 [INFO] PluginManage:359 - Loaded plugin pinoutconfig (category:base,tabindex:0)
2025-07-28 21:55:01,063 [INFO] PluginManage:310 - Check plugin power
2025-07-28 21:55:01,076 [INFO] PluginManage:359 - Loaded plugin power (category:power,tabindex:4)
2025-07-28 21:55:01,076 [INFO] PluginManage:310 - Check plugin projectmanager
2025-07-28 21:55:01,096 [INFO] PluginManage:359 - Loaded plugin projectmanager (category:projectmanager,tabindex:4)
2025-07-28 21:55:01,096 [INFO] PluginManage:310 - Check plugin rif
2025-07-28 21:55:01,106 [INFO] PluginManage:359 - Loaded plugin rif (category:base,tabindex:3)
2025-07-28 21:55:01,106 [INFO] PluginManage:310 - Check plugin thirdparty
2025-07-28 21:55:01,312 [INFO] PluginManage:359 - Loaded plugin thirdparty (category:base,tabindex:-1)
2025-07-28 21:55:01,311 [WARN] IntegrityCheckThread:84 - waiting for thirdparty lock release [integrity check]
2025-07-28 21:55:01,312 [INFO] PluginManage:310 - Check plugin tools
2025-07-28 21:55:01,312 [INFO] IntegrityCheckThread:86 - entering critical section [integrity check]
2025-07-28 21:55:01,313 [INFO] ThirdPartyUpdaterWithRetryManager:70 - Updater plugin not ready yet. [1/15]
2025-07-28 21:55:01,316 [INFO] PluginManage:359 - Loaded plugin tools (category:base,tabindex:7)
2025-07-28 21:55:01,316 [INFO] PluginManage:310 - Check plugin tutovideos
2025-07-28 21:55:01,605 [INFO] PluginManage:359 - Loaded plugin tutovideos (category:base,tabindex:-1)
2025-07-28 21:55:01,605 [INFO] PluginManage:310 - Check plugin updater
2025-07-28 21:55:01,628 [INFO] PluginManage:359 - Loaded plugin updater (category:base,tabindex:12)
2025-07-28 21:55:01,628 [INFO] PluginManage:310 - Check plugin userauth
2025-07-28 21:55:01,632 [INFO] UserAuth:118 - Init User Auth plugin
2025-07-28 21:55:01,633 [INFO] PluginManage:359 - Loaded plugin userauth (category:base,tabindex:14)
2025-07-28 21:55:01,634 [INFO] PluginManage:283 - PluginManage : Loaded plugins [18]
2025-07-28 21:55:01,918 [INFO] PinOutPanel:1589 - setPackage(No Configuration,No Configuration)
2025-07-28 21:55:02,034 [INFO] CADModel:165 - CPN selected for project level
2025-07-28 21:55:02,034 [INFO] CADModel:114 - Register for checkConnection events
2025-07-28 21:55:02,050 [INFO] IPUIPlugin:80 - create IPUIPlugin
2025-07-28 21:55:02,050 [INFO] PluginManager:220 - loadIPPluginJar : add adc
2025-07-28 21:55:02,053 [INFO] IPUIPlugin:80 - create IPUIPlugin
2025-07-28 21:55:02,053 [INFO] PluginManager:220 - loadIPPluginJar : add aes
2025-07-28 21:55:02,055 [INFO] IPUIPlugin:80 - create IPUIPlugin
2025-07-28 21:55:02,055 [INFO] PluginManager:220 - loadIPPluginJar : add can
2025-07-28 21:55:02,057 [INFO] IPUIPlugin:80 - create IPUIPlugin
2025-07-28 21:55:02,057 [INFO] PluginManager:220 - loadIPPluginJar : add comp
2025-07-28 21:55:02,060 [INFO] IPUIPlugin:80 - create IPUIPlugin
2025-07-28 21:55:02,060 [INFO] PluginManager:220 - loadIPPluginJar : add cryp
2025-07-28 21:55:02,064 [INFO] IPUIPlugin:80 - create IPUIPlugin
2025-07-28 21:55:02,064 [INFO] PluginManager:220 - loadIPPluginJar : add ddr_ctrl_phy
2025-07-28 21:55:02,067 [INFO] IPUIPlugin:80 - create IPUIPlugin
2025-07-28 21:55:02,067 [INFO] PluginManager:220 - loadIPPluginJar : add dfsdm
2025-07-28 21:55:02,072 [INFO] IPUIPlugin:80 - create IPUIPlugin
2025-07-28 21:55:02,073 [INFO] PluginManager:220 - loadIPPluginJar : add dma
2025-07-28 21:55:02,075 [INFO] IPUIPlugin:80 - create IPUIPlugin
2025-07-28 21:55:02,075 [INFO] PluginManager:220 - loadIPPluginJar : add dma3
2025-07-28 21:55:02,078 [INFO] IPUIPlugin:80 - create IPUIPlugin
2025-07-28 21:55:02,078 [INFO] PluginManager:220 - loadIPPluginJar : add extmemmanager
2025-07-28 21:55:02,080 [INFO] IPUIPlugin:80 - create IPUIPlugin
2025-07-28 21:55:02,080 [INFO] PluginManager:220 - loadIPPluginJar : add fatfs
2025-07-28 21:55:02,084 [INFO] IPUIPlugin:80 - create IPUIPlugin
2025-07-28 21:55:02,084 [INFO] PluginManager:220 - loadIPPluginJar : add fmc
2025-07-28 21:55:02,089 [INFO] IPUIPlugin:80 - create IPUIPlugin
2025-07-28 21:55:02,089 [INFO] PluginManager:220 - loadIPPluginJar : add freertos
2025-07-28 21:55:02,091 [INFO] IPUIPlugin:80 - create IPUIPlugin
2025-07-28 21:55:02,091 [INFO] PluginManager:220 - loadIPPluginJar : add genericplugin
2025-07-28 21:55:02,093 [INFO] IPUIPlugin:80 - create IPUIPlugin
2025-07-28 21:55:02,093 [INFO] PluginManager:220 - loadIPPluginJar : add gfxmmu
2025-07-28 21:55:02,097 [INFO] IPUIPlugin:80 - create IPUIPlugin
2025-07-28 21:55:02,097 [INFO] PluginManager:220 - loadIPPluginJar : add gic
2025-07-28 21:55:02,102 [INFO] IPUIPlugin:80 - create IPUIPlugin
2025-07-28 21:55:02,103 [INFO] PluginManager:220 - loadIPPluginJar : add gpio
2025-07-28 21:55:02,105 [INFO] IPUIPlugin:80 - create IPUIPlugin
2025-07-28 21:55:02,105 [INFO] PluginManager:220 - loadIPPluginJar : add gtzc
2025-07-28 21:55:02,108 [INFO] IPUIPlugin:80 - create IPUIPlugin
2025-07-28 21:55:02,108 [INFO] PluginManager:220 - loadIPPluginJar : add hash
2025-07-28 21:55:02,110 [INFO] IPUIPlugin:80 - create IPUIPlugin
2025-07-28 21:55:02,111 [INFO] PluginManager:220 - loadIPPluginJar : add i2c
2025-07-28 21:55:02,113 [INFO] IPUIPlugin:80 - create IPUIPlugin
2025-07-28 21:55:02,113 [INFO] PluginManager:220 - loadIPPluginJar : add i2s
2025-07-28 21:55:02,116 [INFO] IPUIPlugin:80 - create IPUIPlugin
2025-07-28 21:55:02,116 [INFO] PluginManager:220 - loadIPPluginJar : add i3c
2025-07-28 21:55:02,119 [INFO] IPUIPlugin:80 - create IPUIPlugin
2025-07-28 21:55:02,119 [INFO] PluginManager:220 - loadIPPluginJar : add ipddr
2025-07-28 21:55:02,125 [INFO] IPUIPlugin:80 - create IPUIPlugin
2025-07-28 21:55:02,126 [INFO] PluginManager:220 - loadIPPluginJar : add linkedlist
2025-07-28 21:55:02,130 [INFO] IPUIPlugin:80 - create IPUIPlugin
2025-07-28 21:55:02,130 [INFO] PluginManager:220 - loadIPPluginJar : add lorawan
2025-07-28 21:55:02,132 [INFO] IPUIPlugin:80 - create IPUIPlugin
2025-07-28 21:55:02,132 [INFO] PluginManager:220 - loadIPPluginJar : add ltdc
2025-07-28 21:55:02,138 [INFO] IPUIPlugin:80 - create IPUIPlugin
2025-07-28 21:55:02,138 [INFO] PluginManager:220 - loadIPPluginJar : add mdma
2025-07-28 21:55:02,142 [INFO] IPUIPlugin:80 - create IPUIPlugin
2025-07-28 21:55:02,142 [INFO] PluginManager:220 - loadIPPluginJar : add nvic
2025-07-28 21:55:02,145 [INFO] IPUIPlugin:80 - create IPUIPlugin
2025-07-28 21:55:02,145 [INFO] PluginManager:220 - loadIPPluginJar : add opamp
2025-07-28 21:55:02,149 [INFO] IPUIPlugin:80 - create IPUIPlugin
2025-07-28 21:55:02,149 [INFO] PluginManager:220 - loadIPPluginJar : add openamp
2025-07-28 21:55:02,152 [INFO] IPUIPlugin:80 - create IPUIPlugin
2025-07-28 21:55:02,152 [INFO] PluginManager:220 - loadIPPluginJar : add pdm2pcm
2025-07-28 21:55:02,160 [INFO] IPUIPlugin:80 - create IPUIPlugin
2025-07-28 21:55:02,163 [INFO] PluginManager:220 - loadIPPluginJar : add plateformsettings
2025-07-28 21:55:02,165 [INFO] IPUIPlugin:80 - create IPUIPlugin
2025-07-28 21:55:02,165 [INFO] PluginManager:220 - loadIPPluginJar : add quadspi
2025-07-28 21:55:02,167 [INFO] IPUIPlugin:80 - create IPUIPlugin
2025-07-28 21:55:02,167 [INFO] PluginManager:220 - loadIPPluginJar : add radio
2025-07-28 21:55:02,171 [INFO] IPUIPlugin:80 - create IPUIPlugin
2025-07-28 21:55:02,171 [INFO] PluginManager:220 - loadIPPluginJar : add resmgrutility
2025-07-28 21:55:02,175 [INFO] IPUIPlugin:80 - create IPUIPlugin
2025-07-28 21:55:02,175 [INFO] PluginManager:220 - loadIPPluginJar : add sai
2025-07-28 21:55:02,178 [INFO] IPUIPlugin:80 - create IPUIPlugin
2025-07-28 21:55:02,178 [INFO] PluginManager:220 - loadIPPluginJar : add spi
2025-07-28 21:55:02,185 [INFO] IPUIPlugin:80 - create IPUIPlugin
2025-07-28 21:55:02,185 [INFO] PluginManager:220 - loadIPPluginJar : add stm32_wpan
2025-07-28 21:55:02,187 [INFO] IPUIPlugin:80 - create IPUIPlugin
2025-07-28 21:55:02,187 [INFO] PluginManager:220 - loadIPPluginJar : add tim
2025-07-28 21:55:02,191 [INFO] IPUIPlugin:80 - create IPUIPlugin
2025-07-28 21:55:02,191 [INFO] PluginManager:220 - loadIPPluginJar : add touchsensing
2025-07-28 21:55:02,193 [INFO] IPUIPlugin:80 - create IPUIPlugin
2025-07-28 21:55:02,193 [INFO] PluginManager:220 - loadIPPluginJar : add tracer_emb
2025-07-28 21:55:02,196 [INFO] IPUIPlugin:80 - create IPUIPlugin
2025-07-28 21:55:02,196 [INFO] PluginManager:220 - loadIPPluginJar : add ts
2025-07-28 21:55:02,197 [INFO] IPUIPlugin:80 - create IPUIPlugin
2025-07-28 21:55:02,198 [INFO] PluginManager:220 - loadIPPluginJar : add tsc
2025-07-28 21:55:02,200 [INFO] IPUIPlugin:80 - create IPUIPlugin
2025-07-28 21:55:02,200 [INFO] PluginManager:220 - loadIPPluginJar : add ucpd
2025-07-28 21:55:02,203 [INFO] IPUIPlugin:80 - create IPUIPlugin
2025-07-28 21:55:02,203 [INFO] PluginManager:220 - loadIPPluginJar : add usart
2025-07-28 21:55:02,207 [INFO] IPUIPlugin:80 - create IPUIPlugin
2025-07-28 21:55:02,207 [INFO] PluginManager:220 - loadIPPluginJar : add usbx
2025-07-28 21:55:02,343 [FATAL] Updater:351 - Updater called before beeing initialized
2025-07-28 21:55:02,388 [INFO] RulesReader:64 - Compatibility file has been processed (317 Rules)
2025-07-28 21:55:02,405 [INFO] RulesReader:64 - Compatibility file has been processed (317 Rules)
2025-07-28 21:55:02,417 [INFO] CADModel:165 - CPN selected for project level
2025-07-28 21:55:02,417 [INFO] CADModel:114 - Register for checkConnection events
2025-07-28 21:55:02,417 [FATAL] Updater:351 - Updater called before beeing initialized
2025-07-28 21:55:02,417 [ERROR] CADModel:125 - Updater not yet initialized, retry later 
2025-07-28 21:55:02,672 [FATAL] Updater:351 - Updater called before beeing initialized
2025-07-28 21:55:02,676 [INFO] CADModel:165 - CPN selected for project level
2025-07-28 21:55:02,676 [INFO] CADModel:114 - Register for checkConnection events
2025-07-28 21:55:02,677 [FATAL] Updater:351 - Updater called before beeing initialized
2025-07-28 21:55:02,677 [ERROR] CADModel:125 - Updater not yet initialized, retry later 
2025-07-28 21:55:02,699 [FATAL] Updater:351 - Updater called before beeing initialized
2025-07-28 21:55:02,828 [FATAL] Updater:351 - Updater called before beeing initialized
2025-07-28 21:55:02,832 [INFO] DbMcusAds:53 - JSON generation date=Tue Jul 08 15:14:23 ICT 2025 (1751962463562)
2025-07-28 21:55:02,832 [FATAL] Updater:351 - Updater called before beeing initialized
2025-07-28 21:55:02,876 [WARN] DetailPanel:346 - Failed to get advertising image, set to default
2025-07-28 21:55:02,960 [FATAL] Updater:351 - Updater called before beeing initialized
2025-07-28 21:55:02,963 [FATAL] Updater:351 - Updater called before beeing initialized
2025-07-28 21:55:02,963 [FATAL] Updater:351 - Updater called before beeing initialized
2025-07-28 21:55:02,963 [WARN] DetailPanel:346 - Failed to get advertising image, set to default
2025-07-28 21:55:02,964 [FATAL] Updater:351 - Updater called before beeing initialized
2025-07-28 21:55:03,016 [ERROR] Updater:1198 - MainUpdater not yet initialized. External WinMGr cannot be set.
2025-07-28 21:55:03,019 [INFO] Updater:1134 - Updater Version found : 6.15.0
2025-07-28 21:55:03,033 [INFO] ApplicationProperties:184 - Using Application install path: C:\ST\STM32CubeIDE_1.19.0\STM32CubeIDE\plugins\com.st.stm32cube.common.mx_6.15.0.202507011659
2025-07-28 21:55:04,315 [INFO] ThirdPartyUpdaterWithRetryManager:70 - Updater plugin not ready yet. [2/15]
2025-07-28 21:55:04,650 [ERROR] LogOutputStream:75 - [STDERR_REDIRECT] Jul 28, 2025 9:55:04 PM java.util.prefs.WindowsPreferences <init>
2025-07-28 21:55:04,653 [ERROR] LogOutputStream:75 - [STDERR_REDIRECT] WARNING: Could not open/create prefs root node Software\JavaSoft\Prefs at root 0xffffffff80000002. Windows RegCreateKeyEx(...) returned error code 5.
2025-07-28 21:55:04,653 [ERROR] LogOutputStream:75 - [STDERR_REDIRECT] 
2025-07-28 21:55:05,198 [INFO] MainUpdater:2872 - connection check result : 10
2025-07-28 21:55:05,199 [INFO] MainUpdater:289 - Updater Check For Update Now.
2025-07-28 21:55:05,200 [INFO] MicroXplorer:498 - Change Database Version : DB.6.0.150
2025-07-28 21:55:05,212 [INFO] McuFinderGlobals:63 - Set McuFinder mode to 2 (CubeIDE integrated)
2025-07-28 21:55:05,215 [INFO] UserAuth:487 - Internet connection configuration mode: 1
2025-07-28 21:55:05,262 [INFO] JxBrowserEngine:152 - Initiate JxBrowser Engine with user profile folder
2025-07-28 21:55:05,447 [INFO] CheckServerUpdateThread:120 - End of CheckServer Thread
2025-07-28 21:55:06,563 [INFO] WebApp:169 - Instantiating new browser for Auth
2025-07-28 21:55:07,670 [WARN] PackLoader:240 - Cannot read IP mode file for STMicroelectronics.FP-SNS-MOTENVWB1.1.4.0
2025-07-28 21:55:07,694 [WARN] PackLoader:240 - Cannot read IP mode file for STMicroelectronics.FP-ATR-ASTRA1.2.0.2
2025-07-28 21:55:07,708 [WARN] PackLoader:240 - Cannot read IP mode file for STMicroelectronics.FP-ATR-ASTRA1.2.0.1
2025-07-28 21:55:07,729 [WARN] PackLoader:240 - Cannot read IP mode file for STMicroelectronics.X-CUBE-SMBUS.2.1.0
2025-07-28 21:55:07,750 [WARN] PackLoader:240 - Cannot read IP mode file for STMicroelectronics.X-CUBE-WB05N.1.1.0
2025-07-28 21:55:07,763 [WARN] PackLoader:240 - Cannot read IP mode file for STMicroelectronics.X-CUBE-ST60.1.0.0
2025-07-28 21:55:07,820 [WARN] PackLoader:240 - Cannot read IP mode file for STMicroelectronics.X-CUBE-AZRTOS-F7.1.1.0
2025-07-28 21:55:07,838 [WARN] PackLoader:240 - Cannot read IP mode file for STMicroelectronics.FP-SNS-FLIGHT1.5.0.2
2025-07-28 21:55:07,887 [WARN] PackLoader:240 - Cannot read IP mode file for Infineon.AIROC-Wi-Fi-Bluetooth-STM32.1.7.0
2025-07-28 21:55:07,901 [INFO] WebApp:463 - Apply proxy settings
2025-07-28 21:55:07,902 [INFO] WebApp:548 - Chromium requires no authentication
2025-07-28 21:55:07,922 [INFO] WebApp:491 - Direct internet connection detected
2025-07-28 21:55:07,941 [WARN] PackLoader:240 - Cannot read IP mode file for STMicroelectronics.X-CUBE-AZRTOS-H7.3.4.0
2025-07-28 21:55:07,960 [WARN] PackLoader:240 - Cannot read IP mode file for STMicroelectronics.X-CUBE-DISPLAY.3.0.0
2025-07-28 21:55:07,977 [WARN] PackLoader:240 - Cannot read IP mode file for STMicroelectronics.X-CUBE-BLE1.7.0.0
2025-07-28 21:55:07,978 [INFO] WebApp:900 - Register for checkConnection events
2025-07-28 21:55:07,978 [INFO] WebApp:463 - Apply proxy settings
2025-07-28 21:55:07,978 [INFO] WebApp:548 - Chromium requires no authentication
2025-07-28 21:55:07,979 [INFO] WebApp:491 - Direct internet connection detected
2025-07-28 21:55:07,988 [WARN] PackLoader:240 - Cannot read IP mode file for STMicroelectronics.X-CUBE-NFC10.1.0.0
2025-07-28 21:55:08,004 [WARN] PackLoader:240 - Cannot read IP mode file for STMicroelectronics.X-CUBE-BLEMGR.4.0.0
2025-07-28 21:55:08,016 [WARN] PackLoader:240 - Cannot read IP mode file for emotas.I-CUBE-CANOPEN.1.3.0
2025-07-28 21:55:08,024 [WARN] PackLoader:240 - Cannot read IP mode file for STMicroelectronics.X-CUBE-AI.10.0.0
2025-07-28 21:55:08,032 [WARN] PackLoader:240 - Cannot read IP mode file for STMicroelectronics.FP-SNS-SMARTAG2.1.2.0
2025-07-28 21:55:08,039 [WARN] PackLoader:240 - Cannot read IP mode file for STMicroelectronics.FP-SNS-FLIGHT1.5.1.0
2025-07-28 21:55:08,111 [WARN] PackLoader:240 - Cannot read IP mode file for STMicroelectronics.X-CUBE-MEMS1.11.1.0
2025-07-28 21:55:08,285 [INFO] LogOutputStream:77 - [STDOUT_REDIRECT] 1 : Invalid condition id : UX_CORESTACK_Condition cause : null
2025-07-28 21:55:08,286 [INFO] LogOutputStream:77 - [STDOUT_REDIRECT] 1 : Invalid condition id : UX_CORESTACK_Condition cause : null
2025-07-28 21:55:08,287 [INFO] LogOutputStream:77 - [STDOUT_REDIRECT] 1 : Invalid condition id : UX_CORESTACK_Condition cause : null
2025-07-28 21:55:08,289 [INFO] LogOutputStream:77 - [STDOUT_REDIRECT] 1 : Invalid condition id : UX_CORESTACK_Condition cause : null
2025-07-28 21:55:08,291 [INFO] LogOutputStream:77 - [STDOUT_REDIRECT] 1 : Invalid condition id : UX_CORESTACK_Condition cause : null
2025-07-28 21:55:08,294 [WARN] PackLoader:240 - Cannot read IP mode file for STMicroelectronics.X-CUBE-AZRTOS-WL.2.0.0
2025-07-28 21:55:08,303 [WARN] PackLoader:240 - Cannot read IP mode file for STMicroelectronics.FP-SNS-MOTENV1.5.0.0
2025-07-28 21:55:08,313 [WARN] PackLoader:240 - Cannot read IP mode file for wolfSSL.I-CUBE-wolfMQTT.1.19.0
2025-07-28 21:55:08,324 [WARN] PackLoader:240 - Cannot read IP mode file for WES.I-CUBE-Cesium.1.3.0
2025-07-28 21:55:08,331 [WARN] PackLoader:240 - Cannot read IP mode file for STMicroelectronics.X-CUBE-BLE2.3.3.0
2025-07-28 21:55:08,341 [WARN] PackLoader:240 - Cannot read IP mode file for STMicroelectronics.X-CUBE-NFC9.1.0.0
2025-07-28 21:55:08,359 [INFO] WebApp:225 - Starting web application
2025-07-28 21:55:08,359 [WARN] PackLoader:240 - Cannot read IP mode file for STMicroelectronics.X-CUBE-BLE1.7.1.0
2025-07-28 21:55:08,359 [INFO] WebApp:593 - Web application path used C:\ST\STM32CubeIDE_1.19.0\STM32CubeIDE\plugins\com.st.stm32cube.common.mx_6.15.0.202507011659\db\plugins\mcufinder\reactClient1\index.html
2025-07-28 21:55:08,374 [WARN] PackLoader:240 - Cannot read IP mode file for STMicroelectronics.X-CUBE-EEPRMA1.5.2.0
2025-07-28 21:55:08,387 [WARN] PackLoader:240 - Cannot read IP mode file for STMicroelectronics.X-CUBE-AI.10.1.0
2025-07-28 21:55:08,489 [WARN] PackLoader:240 - Cannot read IP mode file for STMicroelectronics.X-CUBE-MEMS1.11.2.0
2025-07-28 21:55:08,566 [INFO] UserAuth:487 - Internet connection configuration mode: 1
2025-07-28 21:55:08,712 [WARN] PackLoader:240 - Cannot read IP mode file for STMicroelectronics.X-CUBE-AZRTOS-G0.1.1.0
2025-07-28 21:55:08,729 [WARN] PackLoader:240 - Cannot read IP mode file for STMicroelectronics.X-CUBE-SAFEA1.1.2.2
2025-07-28 21:55:08,742 [WARN] PackLoader:240 - Cannot read IP mode file for STMicroelectronics.X-CUBE-NFC4.3.0.0
2025-07-28 21:55:08,759 [WARN] PackLoader:240 - Cannot read IP mode file for EmbeddedOffice.I-CUBE-FS-RTOS.1.0.1
2025-07-28 21:55:08,769 [WARN] PackLoader:240 - Cannot read IP mode file for STMicroelectronics.X-CUBE-WB05N.2.0.0
2025-07-28 21:55:08,789 [WARN] PackLoader:240 - Cannot read IP mode file for STMicroelectronics.X-CUBE-TCPP.4.2.0
2025-07-28 21:55:08,805 [WARN] PackLoader:240 - Cannot read IP mode file for RealThread.X-CUBE-RT-Thread_Nano.4.1.1
2025-07-28 21:55:08,815 [WARN] PackLoader:240 - Cannot read IP mode file for STMicroelectronics.FP-ATR-SIGFOX1.3.2.0
2025-07-28 21:55:08,826 [WARN] ConditionMgr:438 - getConditionDescription Invalid condition id : Cortex-A Device cause : null
2025-07-28 21:55:08,853 [WARN] ConditionMgr:1044 - genDependencies : Invalid condition id : Cortex-A Device cause : null
2025-07-28 21:55:08,854 [WARN] ConditionMgr:1044 - genDependencies : Invalid condition id : Cortex-A Device cause : null
2025-07-28 21:55:08,855 [WARN] ConditionMgr:1044 - genDependencies : Invalid condition id : Cortex-A Device cause : null
2025-07-28 21:55:08,867 [WARN] PackLoader:240 - Cannot read IP mode file for STMicroelectronics.X-CUBE-EEPRMA1.5.1.0
2025-07-28 21:55:08,878 [INFO] WebApp:191 - Connection restablished
2025-07-28 21:55:08,882 [WARN] PackLoader:240 - Cannot read IP mode file for wolfSSL.I-CUBE-wolfSSL.5.7.4
2025-07-28 21:55:08,896 [WARN] PackLoader:240 - Cannot read IP mode file for ITTIA_DB.I-CUBE-ITTIADB.8.9.0
2025-07-28 21:55:08,909 [WARN] PackLoader:240 - Cannot read IP mode file for STMicroelectronics.X-CUBE-ST67W61.1.0.0
2025-07-28 21:55:08,951 [WARN] PackLoader:240 - Cannot read IP mode file for SEGGER.I-CUBE-embOS.1.3.1
2025-07-28 21:55:09,009 [WARN] PackLoader:240 - Cannot read IP mode file for STMicroelectronics.X-CUBE-ALGOBUILD.1.4.0
2025-07-28 21:55:09,078 [WARN] PackLoader:240 - Cannot read IP mode file for STMicroelectronics.X-CUBE-MEMS1.11.3.0
2025-07-28 21:55:09,245 [WARN] PackLoader:240 - Cannot read IP mode file for STMicroelectronics.X-CUBE-AI.9.1.0
2025-07-28 21:55:09,253 [WARN] PackLoader:240 - Cannot read IP mode file for STMicroelectronics.X-CUBE-PM33A1.1.0.0
2025-07-28 21:55:09,273 [WARN] PackLoader:240 - Cannot read IP mode file for STMicroelectronics.X-CUBE-AZRTOS-F4.1.1.0
2025-07-28 21:55:09,282 [WARN] PackLoader:240 - Cannot read IP mode file for Avnet-IotConnect.X-CUBE-IoTC-DA16k-PMOD.1.0.0
2025-07-28 21:55:09,290 [WARN] PackLoader:240 - Cannot read IP mode file for STMicroelectronics.X-CUBE-ISPU.2.1.0
2025-07-28 21:55:09,302 [WARN] PackLoader:240 - Cannot read IP mode file for STMicroelectronics.X-CUBE-NFC12.1.0.0
2025-07-28 21:55:09,328 [WARN] PackLoader:240 - Cannot read IP mode file for STMicroelectronics.X-CUBE-AZRTOS-L5.2.0.0
2025-07-28 21:55:09,349 [WARN] PackLoader:240 - Cannot read IP mode file for STMicroelectronics.X-CUBE-NFC6.3.1.0
2025-07-28 21:55:09,366 [WARN] PackLoader:240 - Cannot read IP mode file for STMicroelectronics.X-CUBE-DPower.1.2.0
2025-07-28 21:55:09,377 [WARN] PackLoader:240 - Cannot read IP mode file for STMicroelectronics.X-CUBE-FREERTOS.1.3.1
2025-07-28 21:55:09,385 [WARN] PackLoader:240 - Cannot read IP mode file for STMicroelectronics.X-CUBE-FREERTOS.1.3.0
2025-07-28 21:55:09,398 [WARN] PackLoader:240 - Cannot read IP mode file for STMicroelectronics.X-CUBE-NFC7.1.0.1
2025-07-28 21:55:09,417 [WARN] PackLoader:240 - Cannot read IP mode file for STMicroelectronics.FP-SNS-STAIOTCFT.1.0.0
2025-07-28 21:55:09,434 [WARN] PackLoader:240 - Cannot read IP mode file for STMicroelectronics.X-CUBE-DPower.1.3.0
2025-07-28 21:55:09,466 [WARN] ConditionMgr:438 - getConditionDescription Invalid condition id : LAN8742 Phy interface Condition cause : null
2025-07-28 21:55:09,479 [WARN] PackLoader:240 - Cannot read IP mode file for STMicroelectronics.X-CUBE-AZRTOS-L4.2.0.0
2025-07-28 21:55:09,481 [WARN] ConditionMgr:1044 - genDependencies : Invalid condition id : LAN8742 Phy interface Condition cause : null
2025-07-28 21:55:09,481 [WARN] ConditionMgr:1044 - genDependencies : Invalid condition id : LAN8742 Phy interface Condition cause : null
2025-07-28 21:55:09,482 [WARN] ConditionMgr:1044 - genDependencies : Invalid condition id : LAN8742 Phy interface Condition cause : null
2025-07-28 21:55:09,497 [WARN] PackLoader:240 - Cannot read IP mode file for STMicroelectronics.X-CUBE-SFXS2LP1.4.0.0
2025-07-28 21:55:09,528 [WARN] PackLoader:240 - Cannot read IP mode file for STMicroelectronics.X-CUBE-AZRTOS-H7.3.3.0
2025-07-28 21:55:09,552 [WARN] PackLoader:240 - Cannot read IP mode file for STMicroelectronics.X-CUBE-BLEMGR.4.1.0
2025-07-28 21:55:09,576 [WARN] ConditionMgr:438 - getConditionDescription Invalid condition id : UX DEVICE CLASS RTOS Condition cause : null
2025-07-28 21:55:09,576 [WARN] ConditionMgr:438 - getConditionDescription Invalid condition id : UX DEVICE CLASS RTOS Condition cause : null
2025-07-28 21:55:09,578 [WARN] PackLoader:240 - Cannot read IP mode file for STMicroelectronics.X-CUBE-AZRTOS-WB.2.0.0
2025-07-28 21:55:09,579 [WARN] ConditionMgr:1044 - genDependencies : Invalid condition id : UX DEVICE CLASS RTOS Condition cause : null
2025-07-28 21:55:09,580 [WARN] ConditionMgr:1044 - genDependencies : Invalid condition id : UX DEVICE CLASS RTOS Condition cause : null
2025-07-28 21:55:09,580 [WARN] ConditionMgr:1044 - genDependencies : Invalid condition id : UX DEVICE CLASS RTOS Condition cause : null
2025-07-28 21:55:09,580 [WARN] ConditionMgr:1044 - genDependencies : Invalid condition id : UX DEVICE CLASS RTOS Condition cause : null
2025-07-28 21:55:09,580 [WARN] ConditionMgr:1044 - genDependencies : Invalid condition id : UX DEVICE CLASS RTOS Condition cause : null
2025-07-28 21:55:09,592 [WARN] PackLoader:240 - Cannot read IP mode file for STMicroelectronics.X-CUBE-GNSS1.7.0.1
2025-07-28 21:55:09,603 [WARN] PackLoader:240 - Cannot read IP mode file for STMicroelectronics.X-CUBE-TOUCHGFX.4.25.0
2025-07-28 21:55:09,616 [WARN] PackLoader:240 - Cannot read IP mode file for STMicroelectronics.FP-SNS-STBOX1.2.0.0
2025-07-28 21:55:09,635 [WARN] PackLoader:240 - Cannot read IP mode file for STMicroelectronics.X-CUBE-SUBG2.5.0.0
2025-07-28 21:55:09,668 [WARN] PackLoader:240 - Cannot read IP mode file for STMicroelectronics.X-CUBE-AZRTOS-H7RS.1.1.0
2025-07-28 21:55:09,684 [WARN] PackLoader:240 - Cannot read IP mode file for Cesanta.I-CUBE-Mongoose.7.13.0
2025-07-28 21:55:09,708 [WARN] PackLoader:240 - Cannot read IP mode file for STMicroelectronics.X-CUBE-AZRTOS-G4.2.0.0
2025-07-28 21:55:09,719 [WARN] PackLoader:240 - Cannot read IP mode file for STMicroelectronics.X-CUBE-NFC7.2.0.0
2025-07-28 21:55:09,736 [WARN] PackLoader:240 - Cannot read IP mode file for STMicroelectronics.X-CUBE-IPS.3.1.0
2025-07-28 21:55:09,750 [WARN] PackLoader:240 - Cannot read IP mode file for STMicroelectronics.X-CUBE-ALS.1.0.2
2025-07-28 21:55:09,757 [WARN] PackLoader:240 - Cannot read IP mode file for STMicroelectronics.X-CUBE-TOUCHGFX.4.24.2
2025-07-28 21:55:09,764 [WARN] PackLoader:240 - Cannot read IP mode file for wolfSSL.I-CUBE-wolfTPM.3.4.0
2025-07-28 21:55:09,773 [WARN] PackLoader:240 - Cannot read IP mode file for portGmbH.I-Cube-SoM-uGOAL.1.1.0
2025-07-28 21:55:09,796 [WARN] PackLoader:240 - Cannot read IP mode file for STMicroelectronics.X-CUBE-AZRTOS-H7RS.1.0.0
2025-07-28 21:55:09,814 [WARN] PackLoader:240 - Cannot read IP mode file for STMicroelectronics.X-CUBE-TOF1.3.4.2
2025-07-28 21:55:09,846 [WARN] PackLoader:240 - Cannot read IP mode file for STMicroelectronics.X-CUBE-TOF1.3.4.3
2025-07-28 21:55:09,865 [WARN] PackLoader:240 - Cannot read IP mode file for wolfSSL.I-CUBE-wolfSSH.1.4.17
2025-07-28 21:55:09,865 [INFO] ThirdParty:978 - Integrity check success = true
2025-07-28 21:55:09,867 [INFO] IntegrityCheckThread:100 - exiting critical section [integrity check]
2025-07-28 21:55:09,867 [INFO] IntegrityCheckThread:103 - End integrity checks thread
2025-07-28 21:56:32,570 [INFO] McuFinderGlobals:63 - Set McuFinder mode to 2 (CubeIDE integrated)
2025-07-28 21:56:32,576 [INFO] MainUpdater:2872 - connection check result : 10
2025-07-28 21:56:33,495 [INFO] ApiDb:581 - Connected to CubeFinder SQLite database (C:\Users\Admin\.stmcufinder\plugins\mcufinder\mcu\cube-finder-db.db)
2025-07-28 21:56:33,663 [INFO] ApiDb:668 - CubeFinder database Data Model version=2.1
2025-07-28 21:56:33,663 [INFO] ApiDb:669 - CubeFinder database Configuration version=3.0.39
2025-07-28 21:56:33,664 [INFO] ApiDb:670 - CubeFinder database generation date=2025-07-21 (1753107327)
2025-07-28 21:56:33,664 [INFO] ApiDb:671 - CubeFinder database FW Pack versions=[FP-ATR-ASTRA1_V2.0.0, FP-SNS-FLIGHT1_V5.1.0, FP-SNS-MOTENV1_V5.0.0, FP-SNS-MOTENVWB1_V1.4.0, FP-SNS-SMARTAG2_V1.2.0, FP-SNS-STBOX1_V2.0.0, STM32Cube_FW_C0_V1.4.0, STM32Cube_FW_F4_V1.28.2, STM32Cube_FW_F7_V1.17.3, STM32Cube_FW_G0_V1.6.2, STM32Cube_FW_G4_V1.6.1, STM32Cube_FW_H5_V1.5.0, STM32Cube_FW_H7RS_V1.2.0, STM32Cube_FW_H7_V1.12.1, STM32Cube_FW_L0_V1.12.2, STM32Cube_FW_L4_V1.18.1, STM32Cube_FW_L5_V1.5.1, STM32Cube_FW_N6_V1.2.0, STM32Cube_FW_U0_V1.3.0, STM32Cube_FW_U3_V1.2.0, STM32Cube_FW_U5_V1.8.0, STM32Cube_FW_WB0_V1.3.0, STM32Cube_FW_WBA_V1.7.0, STM32Cube_FW_WB_V1.23.0, STM32Cube_FW_WL3_V1.2.0, STM32Cube_FW_WL_V1.3.1, X-CUBE-ALGOBUILD_V1.4.0, X-CUBE-ALS_V1.0.2, X-CUBE-AZRTOS-F4_V1.1.0, X-CUBE-AZRTOS-F7_V1.1.0, X-CUBE-AZRTOS-G0_V1.1.0, X-CUBE-AZRTOS-G4_V2.0.0, X-CUBE-AZRTOS-H7RS_V1.1.0, X-CUBE-AZRTOS-H7_V3.3.0, X-CUBE-AZRTOS-L4_V2.0.0, X-CUBE-AZRTOS-L5_V2.0.0, X-CUBE-AZRTOS-WB_V2.0.0, X-CUBE-AZRTOS-WL_V2.0.0, X-CUBE-BLE1_V7.1.0, X-CUBE-BLE2_V3.3.0, X-CUBE-BLEMGR_V4.0.0, X-CUBE-EEPRMA1_V5.1.0, X-CUBE-FREERTOS_V1.3.1, X-CUBE-GNSS1_V6.0.0, X-CUBE-MEMS1_V11.3.0, X-CUBE-NFC4_V3.0.0, X-CUBE-NFC7_V2.0.0, X-CUBE-SFXS2LP1_V4.0.0, X-CUBE-SUBG2_V5.0.0, X-CUBE-TOF1_V3.4.3]
2025-07-28 21:56:38,941 [INFO] ApiDb:240 - Found 880 in-development CPN: [B-G473E-ZEST1S, B-WB1M-WPAN1, B-WBA5M-WPAN, B-WL5M-SUBG1, NUCLEO-C031C6, NUCLEO-C051C8, NUCLEO-C071RB, NUCLEO-C092RC, NUCLEO-H503RB, NUCLEO-H533RE, NUCLEO-H563ZI, NUCLEO-H7S3L8, NUCLEO-N657X0-Q, NUCLEO-U031R8, NUCLEO-U083RC, NUCLEO-U385RG-Q, NUCLEO-U545RE-Q, NUCLEO-U5A5ZJ-Q, NUCLEO-WB05KZ, NUCLEO-WB07CC, NUCLEO-WB09KE, NUCLEO-WBA52CG, NUCLEO-WBA55CG, NUCLEO-WL33CC1, NUCLEO-WL33CC2, STEVAL-PROTEUS1, STEVAL-SMARTAG2, STEVAL-STWINBX1, STM320518-EVAL, STM32C0116-DK, STM32C011D6Y3TR, STM32C011D6Y6TR, STM32C011F4P3, STM32C011F4P6, STM32C011F4U3, STM32C011F4U6TR, STM32C011F6P3, STM32C011F6P6, STM32C011F6U3, STM32C011F6U6TR, STM32C011J4M3, STM32C011J4M6, STM32C011J6M3, STM32C011J6M6, STM32C0316-DK, STM32C031C4T3, STM32C031C4T6, STM32C031C4U3, STM32C031C4U6, STM32C031C6T3, STM32C031C6T6, STM32C031C6U3, STM32C031C6U6, STM32C031F4P3, STM32C031F4P6, STM32C031F6P3, STM32C031F6P6, STM32C031G4U3, STM32C031G4U6, STM32C031G6U3, STM32C031G6U6, STM32C031K4T3, STM32C031K4T6, STM32C031K4U3, STM32C031K4U6, STM32C031K6T3, STM32C031K6T6, STM32C031K6U3, STM32C031K6U6, STM32C051C6T6, STM32C051C6U6, STM32C051C8T6, STM32C051C8U6, STM32C051D8Y6TR, STM32C051F6P6, STM32C051F8P6, STM32C051G6U6, STM32C051G8U6, STM32C051K6T6, STM32C051K6U6, STM32C051K8T6, STM32C071C8T6, STM32C071C8T6N, STM32C071C8U6, STM32C071C8U6N, STM32C071CBT6, STM32C071CBT6N, STM32C071CBU6, STM32C071CBU6N, STM32C071F8P6, STM32C071F8P6N, STM32C071FBP6, STM32C071FBP6N, STM32C071FBY6TR, STM32C071G8U6, STM32C071G8U6N, STM32C071GBU6, STM32C071GBU6N, STM32C071K8T6, STM32C071K8T6N, STM32C071K8U6, STM32C071K8U6N, STM32C071KBT6, STM32C071KBT6N, STM32C071KBU6, STM32C071KBU6N, STM32C071R8T6, STM32C071R8T6N, STM32C071RBI6N, STM32C071RBT6, STM32C071RBT6N, STM32C091CBT6, STM32C091CBU6, STM32C091CCT6, STM32C091CCU6, STM32C091ECY6TR, STM32C091FBP6, STM32C091FCP6, STM32C091GBU6, STM32C091GCU6, STM32C091KBT6, STM32C091KBU6, STM32C091KCT6, STM32C091KCU6, STM32C091RBT6, STM32C091RCI6, STM32C091RCT6, STM32C092CBT6, STM32C092CBU6, STM32C092CCT6, STM32C092CCU6, STM32C092ECY6TR, STM32C092FBP6, STM32C092FCP6, STM32C092GBU6, STM32C092GCU6, STM32C092KBT6, STM32C092KBU6, STM32C092KCT6, STM32C092KCU6, STM32C092RBT6, STM32C092RCI6, STM32C092RCT6, STM32G071K8TXN, STM32G071K8UXN, STM32G081GBU6N, STM32G081KBT6N, STM32G081KBUXN, STM32G0B1CCT6N, STM32G0B1KCT6, STM32G0B1NEY6TR, STM32G0B1RCT6N, STM32G0C1CCT6, STM32G0C1CCT6N, STM32G0C1CCU6N, STM32G0C1CET6N, STM32G0C1CEU6N, STM32G0C1KCT6, STM32G0C1NEY6TR, STM32G0C1RCI6N, STM32G0C1RCT6N, STM32G0C1REI6N, STM32G0C1RET6N, STM32G0C1VCI6, STM32G0C1VEI6, STM32G411C6T3, STM32G411C6T6, STM32G411C6U3, STM32G411C6U6, STM32G411C8T3, STM32G411C8T6, STM32G411C8U3, STM32G411C8U6, STM32G411CBT3, STM32G411CBT6, STM32G411CBU3, STM32G411CBU6, STM32G411K6T3, STM32G411K6T6, STM32G411K6U3, STM32G411K6U6, STM32G411K8T3, STM32G411K8T6, STM32G411K8U3, STM32G411K8U6, STM32G411KBT3, STM32G411KBT6, STM32G411KBU3, STM32G411KBU6, STM32G411M6T3, STM32G411M6T6, STM32G411M8T3, STM32G411M8T6, STM32G411MBT3, STM32G411MBT6, STM32G411R6T3, STM32G411R6T6, STM32G411R8T3, STM32G411R8T6, STM32G411RBT3, STM32G411RBT6, STM32G414CBT3, STM32G414CBT6, STM32G414CBU3, STM32G414CBU6, STM32G414CCT3, STM32G414CCT6, STM32G414CCU3, STM32G414CCU6, STM32G414MBT3, STM32G414MBT6, STM32G414MCT3, STM32G414MCT6, STM32G414RBT3, STM32G414RBT6, STM32G414RCT3, STM32G414RCT6, STM32G414VBT3, STM32G414VBT6, STM32G414VCT3, STM32G414VCT6, STM32G431CBT3Z, STM32G431RBT3Z, STM32G471CCT6, STM32G471CCU6, STM32G471CET3, STM32G471CET6, STM32G471CEU3, STM32G471CEU6, STM32G471MCT6, STM32G471MET3, STM32G471MET6, STM32G471MEY6TR, STM32G471QCT6, STM32G471QET3, STM32G471RCT6, STM32G471RET3, STM32G471RET6, STM32G471VCH6, STM32G471VCI6, STM32G471VCT6, STM32G471VEH3, STM32G471VEH6, STM32G471VEI3, STM32G471VEI6, STM32G471VET3, STM32G471VET6, STM32G473QET3Z, STM32G473RET3Z, STM32G474CCT6, STM32G491RET3Z, STM32H503CBT6, STM32H503CBU6, STM32H503EBY6TR, STM32H503KBU6, STM32H503RBT6, STM32H523CCT6, STM32H523CCU6, STM32H523CET6, STM32H523CEU6, STM32H523HEY6TR, STM32H523RCT6, STM32H523RET6, STM32H523VCI6, STM32H523VCT6, STM32H523VEI6, STM32H523VET6, STM32H523ZCJ6, STM32H523ZCT6, STM32H523ZEJ6, STM32H523ZET6, STM32H533CET6, STM32H533CEU6, STM32H533HEY6TR, STM32H533RET6, STM32H533VEI6, STM32H533VET6, STM32H533ZEJ6, STM32H533ZET6, STM32H562AGI6, STM32H562AII6, STM32H562IGK6, STM32H562IGT6, STM32H562IIK6, STM32H562IIT6, STM32H562RGT6, STM32H562RGV6, STM32H562RIT6, STM32H562RIV6, STM32H562VGT6, STM32H562VIT6, STM32H562ZGT6, STM32H562ZIT6, STM32H563AGI6, STM32H563AII3Q, STM32H563AII6, STM32H563IGK6, STM32H563IGT6, STM32H563IIK3Q, STM32H563IIK6, STM32H563IIT3Q, STM32H563IIT6, STM32H563MIY3QTR, STM32H563RGT6, STM32H563RGV6, STM32H563RIT6, STM32H563RIV6, STM32H563VGT6, STM32H563VIT3Q, STM32H563VIT6, STM32H563ZGT6, STM32H563ZIT3Q, STM32H563ZIT6, STM32H573AII3Q, STM32H573AII6, STM32H573I-DK, STM32H573IIK3Q, STM32H573IIK6, STM32H573IIT3Q, STM32H573IIT6, STM32H573MIY3QTR, STM32H573RIT6, STM32H573RIV6, STM32H573VIT3Q, STM32H573VIT6, STM32H573ZIT3Q, STM32H573ZIT6, STM32H7R3A8I6, STM32H7R3I8K6, STM32H7R3I8T6, STM32H7R3L8H6, STM32H7R3L8H6H, STM32H7R3R8V6, STM32H7R3V8H6, STM32H7R3V8T6, STM32H7R3V8Y6TR, STM32H7R3Z8J6, STM32H7R3Z8T6, STM32H7R7A8I6, STM32H7R7I8K6, STM32H7R7I8T6, STM32H7R7L8H6, STM32H7R7L8H6H, STM32H7R7Z8J6, STM32H7S3A8I6, STM32H7S3I8K6, STM32H7S3I8T6, STM32H7S3L8H6, STM32H7S3L8H6H, STM32H7S3R8V6, STM32H7S3V8H6, STM32H7S3V8T6, STM32H7S3V8Y6TR, STM32H7S3Z8J6, STM32H7S3Z8T6, STM32H7S78-DK, STM32H7S7A8I6, STM32H7S7I8K6, STM32H7S7I8T6, STM32H7S7L8H6, STM32H7S7L8H6H, STM32H7S7Z8J6, STM32L4R5QGI6STR, STM32MP131AAE3, STM32MP131AAF3, STM32MP131AAG3, STM32MP131CAE3, STM32MP131CAF3, STM32MP131CAG3, STM32MP131DAE7, STM32MP131DAF7, STM32MP131DAG7, STM32MP131FAE7, STM32MP131FAF7, STM32MP131FAG7, STM32MP133AAE3, STM32MP133AAF3, STM32MP133AAG3, STM32MP133CAE3, STM32MP133CAF3, STM32MP133CAG3, STM32MP133DAE7, STM32MP133DAF7, STM32MP133DAG7, STM32MP133FAE7, STM32MP133FAF7, STM32MP133FAG7, STM32MP135AAE3, STM32MP135AAF3, STM32MP135AAG3, STM32MP135CAE3, STM32MP135CAF3, STM32MP135CAG3, STM32MP135DAE7, STM32MP135DAF7, STM32MP135DAG7, STM32MP135F-DK, STM32MP135FAE7, STM32MP135FAF7, STM32MP135FAF7T, STM32MP135FAF7U, STM32MP135FAG7, STM32MP211AAL3, STM32MP211AAM3, STM32MP211AAN3, STM32MP211AAO3, STM32MP211CAL3, STM32MP211CAM3, STM32MP211CAN3, STM32MP211CAO3, STM32MP211DAL3, STM32MP211DAM3, STM32MP211DAN3, STM32MP211DAO3, STM32MP211FAL3, STM32MP211FAM3, STM32MP211FAN3, STM32MP211FAO3, STM32MP213AAL3, STM32MP213AAM3, STM32MP213AAN3, STM32MP213AAO3, STM32MP213CAL3, STM32MP213CAM3, STM32MP213CAN3, STM32MP213CAO3, STM32MP213DAL3, STM32MP213DAM3, STM32MP213DAN3, STM32MP213DAO3, STM32MP213FAL3, STM32MP213FAM3, STM32MP213FAN3, STM32MP213FAO3, STM32MP215AAL3, STM32MP215AAM3, STM32MP215AAN3, STM32MP215AAO3, STM32MP215CAL3, STM32MP215CAM3, STM32MP215CAN3, STM32MP215CAO3, STM32MP215DAL3, STM32MP215DAM3, STM32MP215DAN3, STM32MP215DAO3, STM32MP215F-DK, STM32MP215FAL3, STM32MP215FAM3, STM32MP215FAN3, STM32MP215FAO3, STM32MP231AAJ3, STM32MP231AAK3, STM32MP231AAL3, STM32MP231CAJ3, STM32MP231CAK3, STM32MP231CAL3, STM32MP231DAJ3, STM32MP231DAK3, STM32MP231DAL3, STM32MP231FAJ3, STM32MP231FAK3, STM32MP231FAL3, STM32MP233AAJ3, STM32MP233AAK3, STM32MP233AAL3, STM32MP233CAJ3, STM32MP233CAK3, STM32MP233CAL3, STM32MP233DAJ3, STM32MP233DAK3, STM32MP233DAL3, STM32MP233FAJ3, STM32MP233FAK3, STM32MP233FAL3, STM32MP235AAJ3, STM32MP235AAK3, STM32MP235AAL3, STM32MP235CAJ3, STM32MP235CAK3, STM32MP235CAL3, STM32MP235DAJ3, STM32MP235DAK3, STM32MP235DAL3, STM32MP235FAJ3, STM32MP235FAK3, STM32MP235FAL3, STM32MP251AAI3, STM32MP251AAK3, STM32MP251AAL3, STM32MP251CAI3, STM32MP251CAK3, STM32MP251CAL3, STM32MP251DAI3, STM32MP251DAK3, STM32MP251DAL3, STM32MP251FAI3, STM32MP251FAK3, STM32MP251FAL3, STM32MP253AAI3, STM32MP253AAK3, STM32MP253AAL3, STM32MP253CAI3, STM32MP253CAK3, STM32MP253CAL3, STM32MP253DAI3, STM32MP253DAK3, STM32MP253DAL3, STM32MP253FAI3, STM32MP253FAK3, STM32MP253FAL3, STM32MP255AAI3, STM32MP255AAK3, STM32MP255AAL3, STM32MP255CAI3, STM32MP255CAK3, STM32MP255CAL3, STM32MP255DAI3, STM32MP255DAK3, STM32MP255DAL3, STM32MP255FAI3, STM32MP255FAK3, STM32MP255FAL3, STM32MP257AAI3, STM32MP257AAK3, STM32MP257AAL3, STM32MP257CAI3, STM32MP257CAK3, STM32MP257CAL3, STM32MP257DAI3, STM32MP257DAK3, STM32MP257DAL3, STM32MP257F-DK, STM32MP257F-EV1, STM32MP257FAI3, STM32MP257FAK3, STM32MP257FAL3, STM32N645A0H3Q, STM32N645B0H3Q, STM32N645I0H3Q, STM32N645L0H3Q, STM32N645X0H3Q, STM32N645Z0H3Q, STM32N647A0H3Q, STM32N647B0H3Q, STM32N647I0H3Q, STM32N647L0H3Q, STM32N647X0H3Q, STM32N647Z0H3Q, STM32N655A0H3Q, STM32N655B0H3Q, STM32N655I0H3Q, STM32N655L0H3Q, STM32N655X0H3Q, STM32N655Z0H3Q, STM32N6570-DK, STM32N657A0H3Q, STM32N657B0H3Q, STM32N657I0H3Q, STM32N657L0H3Q, STM32N657X0H3Q, STM32N657Z0H3Q, STM32U031C6T6, STM32U031C6U6, STM32U031C8T6, STM32U031C8U6, STM32U031F4P6, STM32U031F6P6, STM32U031F8P6, STM32U031G6Y6TR, STM32U031G8Y6TR, STM32U031K4U6, STM32U031K6U6, STM32U031K8U6, STM32U031R6I6, STM32U031R6T6, STM32U031R8I6, STM32U031R8T6, STM32U073C8T6, STM32U073C8U6, STM32U073CBT6, STM32U073CBU6, STM32U073CCT6, STM32U073CCU6, STM32U073H8Y6TR, STM32U073HBY6TR, STM32U073HCY6TR, STM32U073K8U6, STM32U073KBU6, STM32U073KCU6, STM32U073M8I6, STM32U073M8T6, STM32U073MBI6, STM32U073MBT6, STM32U073MCI6, STM32U073MCT6, STM32U073R8I6, STM32U073R8T6, STM32U073RBI6, STM32U073RBT6, STM32U073RCI6, STM32U073RCT6, STM32U083C-DK, STM32U083CCT6, STM32U083CCU6, STM32U083HCY6TR, STM32U083KCU6, STM32U083MCI6, STM32U083MCT6, STM32U083RCI6, STM32U083RCT6, STM32U375CET6, STM32U375CET6Q, STM32U375CEU6, STM32U375CEU6Q, STM32U375CEY6QTR, STM32U375CGT6, STM32U375CGT6Q, STM32U375CGU6, STM32U375CGU6Q, STM32U375CGY6QTR, STM32U375KEU6, STM32U375KGU6, STM32U375REI6, STM32U375REI6Q, STM32U375RET6, STM32U375RET6Q, STM32U375REY6GTR, STM32U375REY6QTR, STM32U375RGI6, STM32U375RGI6Q, STM32U375RGT6, STM32U375RGT6Q, STM32U375RGY6GTR, STM32U375RGY6QTR, STM32U375VEI6, STM32U375VEI6Q, STM32U375VET6, STM32U375VET6Q, STM32U375VGI6, STM32U375VGI6Q, STM32U375VGT6, STM32U375VGT6Q, STM32U385CGT6, STM32U385CGT6Q, STM32U385CGU6, STM32U385CGU6Q, STM32U385CGY6QTR, STM32U385KGU6, STM32U385RGI6, STM32U385RGI6Q, STM32U385RGT6, STM32U385RGT6Q, STM32U385RGY6GTR, STM32U385RGY6QTR, STM32U385VGI6, STM32U385VGI6Q, STM32U385VGT6, STM32U385VGT6Q, STM32U535CBT6, STM32U535CBT6Q, STM32U535CBU6, STM32U535CBU6Q, STM32U535CCT6, STM32U535CCT6Q, STM32U535CCU6, STM32U535CCU6Q, STM32U535CET6, STM32U535CET6Q, STM32U535CEU6, STM32U535CEU6Q, STM32U535JEY6QTR, STM32U535NCY6QTR, STM32U535NEY6QTR, STM32U535RBI6, STM32U535RBI6Q, STM32U535RBT6, STM32U535RBT6Q, STM32U535RCI6, STM32U535RCI6Q, STM32U535RCT6, STM32U535RCT6Q, STM32U535REI6, STM32U535REI6Q, STM32U535RET6, STM32U535RET6Q, STM32U535VCI6, STM32U535VCI6Q, STM32U535VCT6, STM32U535VCT6Q, STM32U535VEI6, STM32U535VEI6Q, STM32U535VET6, STM32U535VET6Q, STM32U545CET6, STM32U545CET6Q, STM32U545CEU6, STM32U545CEU6Q, STM32U545JEY6QTR, STM32U545NEY6QTR, STM32U545REI6, STM32U545REI6Q, STM32U545RET6, STM32U545RET6Q, STM32U545VEI6, STM32U545VEI6Q, STM32U545VET6, STM32U545VET6Q, STM32U595AIH6, STM32U595AIH6Q, STM32U595AJH6, STM32U595AJH6Q, STM32U595QII6, STM32U595QII6Q, STM32U595QJI6, STM32U595QJI6Q, STM32U595RIT6, STM32U595RIT6Q, STM32U595RJT6, STM32U595RJT6Q, STM32U595VIT6, STM32U595VIT6Q, STM32U595VJT6, STM32U595VJT6Q, STM32U595ZIT6, STM32U595ZIT6Q, STM32U595ZIY6QTR, STM32U595ZJT6, STM32U595ZJT6Q, STM32U595ZJY6QTR, STM32U599BJY6QTR, STM32U599NIH6Q, STM32U599NJH6Q, STM32U599VIT6Q, STM32U599VJT6, STM32U599VJT6Q, STM32U599ZIT6Q, STM32U599ZIY6QTR, STM32U599ZJT6Q, STM32U599ZJY6QTR, STM32U5A5AJH6, STM32U5A5AJH6Q, STM32U5A5QII3Q , STM32U5A5QJI6, STM32U5A5QJI6Q, STM32U5A5RJT6, STM32U5A5RJT6Q, STM32U5A5VJT6, STM32U5A5VJT6Q, STM32U5A5ZJT6, STM32U5A5ZJT6Q, STM32U5A5ZJY6QTR, STM32U5A9BJY6QTR, STM32U5A9J-DK, STM32U5A9NJH6Q, STM32U5A9VJT6Q, STM32U5A9ZJT6Q, STM32U5A9ZJY6QTR, STM32U5F7VIT6, STM32U5F7VIT6Q, STM32U5F7VJT6, STM32U5F7VJT6Q, STM32U5F9BJY6QTR, STM32U5F9NJH6Q, STM32U5F9VIT6Q, STM32U5F9VJT6Q, STM32U5F9ZIJ6QTR, STM32U5F9ZIT6Q, STM32U5F9ZJJ6QTR, STM32U5F9ZJT6Q, STM32U5G7VJT6, STM32U5G7VJT6Q, STM32U5G9BJY6QTR, STM32U5G9J-DK1, STM32U5G9J-DK2, STM32U5G9NJH6Q, STM32U5G9VJT6Q, STM32U5G9ZJJ6QTR, STM32U5G9ZJT6Q, STM32WB05KZV6TR, STM32WB05KZV7TR, STM32WB05TZF6TR, STM32WB05TZF7TR, STM32WB06CCF6TR, STM32WB06CCF7TR, STM32WB06CCV6TR, STM32WB06CCV7TR, STM32WB06KCV6TR, STM32WB06KCV7TR, STM32WB07CCF6TR, STM32WB07CCF7TR, STM32WB07CCV6TR, STM32WB07CCV7TR, STM32WB07KCV6TR, STM32WB07KCV7TR, STM32WB09KEV6TR, STM32WB09KEV7TR, STM32WB09TEF6TR, STM32WB09TEF7TR, STM32WB1MMCH6, STM32WBA50KGU6, STM32WBA50KGU6TR, STM32WBA52CEU6, STM32WBA52CEU6TR, STM32WBA52CEU7, STM32WBA52CEU7TR, STM32WBA52CGU6, STM32WBA52CGU6TR, STM32WBA52CGU6U, STM32WBA52CGU7, STM32WBA52CGU7TR, STM32WBA52KEU6, STM32WBA52KEU6TR, STM32WBA52KGU6, STM32WBA52KGU6TR, STM32WBA54CEU6, STM32WBA54CEU6TR, STM32WBA54CEU7, STM32WBA54CEU7TR, STM32WBA54CGU6, STM32WBA54CGU6TR, STM32WBA54CGU7, STM32WBA54CGU7TR, STM32WBA54KEU6, STM32WBA54KEU6TR, STM32WBA54KEU7, STM32WBA54KEU7TR, STM32WBA54KGU6, STM32WBA54KGU6TR, STM32WBA54KGU7, STM32WBA54KGU7TR, STM32WBA55CEU6, STM32WBA55CEU6TR, STM32WBA55CEU7, STM32WBA55CEU7TR, STM32WBA55CGU6, STM32WBA55CGU6TR, STM32WBA55CGU6U, STM32WBA55CGU7, STM32WBA55CGU7TR, STM32WBA55G-DK1, STM32WBA55HEF6, STM32WBA55HEF7, STM32WBA55HGF6, STM32WBA55HGF7, STM32WBA55UEI6, STM32WBA55UEI6TR, STM32WBA55UEI7, STM32WBA55UEI7TR, STM32WBA55UGI6, STM32WBA55UGI6TR, STM32WBA55UGI7, STM32WBA55UGI7TR, STM32WBA5MMGH6TR, STM32WBA62MGF6, STM32WBA62MIF6, STM32WBA65MGF7, STM32WBA65MIF6, STM32WBA65MIF7, STM32WL30K8V6, STM32WL30KBV6, STM32WL31C8V6, STM32WL31CBV6, STM32WL31K8V6, STM32WL31KBV6, STM32WL33C8V6, STM32WL33C8V6X, STM32WL33CBV6, STM32WL33CBV6X, STM32WL33CCV6, STM32WL33CCV6A, STM32WL33CCV6X, STM32WL33K8V7, STM32WL33K8V7X, STM32WL33KBV7 , STM32WL33KBV7X, STM32WL33KCV7, STM32WL33KCV7X, STM32WL5MOCH6, STM32WL5MOCH6TR]
2025-07-28 21:56:38,949 [INFO] DbMcus:218 - Found 4801 MCUs, 4801 are supported
2025-07-28 21:56:38,950 [INFO] ApiDb:423 - Load user favorites file C:\Users\Admin/.stm32cubeide/favorites.mcus.txt: 0 item(s)
2025-07-28 21:56:38,951 [INFO] ApiDb:427 - User favorites MCUs=[]
2025-07-28 21:56:38,951 [INFO] DbMcus:224 - Set 0 / 0 favorites MCUs
2025-07-28 21:56:39,691 [INFO] ApiDb:668 - CubeFinder database Data Model version=2.1
2025-07-28 21:56:39,691 [INFO] ApiDb:669 - CubeFinder database Configuration version=3.0.39
2025-07-28 21:56:39,691 [INFO] ApiDb:670 - CubeFinder database generation date=2025-07-21 (1753107327)
2025-07-28 21:56:39,691 [INFO] ApiDb:671 - CubeFinder database FW Pack versions=[FP-ATR-ASTRA1_V2.0.0, FP-SNS-FLIGHT1_V5.1.0, FP-SNS-MOTENV1_V5.0.0, FP-SNS-MOTENVWB1_V1.4.0, FP-SNS-SMARTAG2_V1.2.0, FP-SNS-STBOX1_V2.0.0, STM32Cube_FW_C0_V1.4.0, STM32Cube_FW_F4_V1.28.2, STM32Cube_FW_F7_V1.17.3, STM32Cube_FW_G0_V1.6.2, STM32Cube_FW_G4_V1.6.1, STM32Cube_FW_H5_V1.5.0, STM32Cube_FW_H7RS_V1.2.0, STM32Cube_FW_H7_V1.12.1, STM32Cube_FW_L0_V1.12.2, STM32Cube_FW_L4_V1.18.1, STM32Cube_FW_L5_V1.5.1, STM32Cube_FW_N6_V1.2.0, STM32Cube_FW_U0_V1.3.0, STM32Cube_FW_U3_V1.2.0, STM32Cube_FW_U5_V1.8.0, STM32Cube_FW_WB0_V1.3.0, STM32Cube_FW_WBA_V1.7.0, STM32Cube_FW_WB_V1.23.0, STM32Cube_FW_WL3_V1.2.0, STM32Cube_FW_WL_V1.3.1, X-CUBE-ALGOBUILD_V1.4.0, X-CUBE-ALS_V1.0.2, X-CUBE-AZRTOS-F4_V1.1.0, X-CUBE-AZRTOS-F7_V1.1.0, X-CUBE-AZRTOS-G0_V1.1.0, X-CUBE-AZRTOS-G4_V2.0.0, X-CUBE-AZRTOS-H7RS_V1.1.0, X-CUBE-AZRTOS-H7_V3.3.0, X-CUBE-AZRTOS-L4_V2.0.0, X-CUBE-AZRTOS-L5_V2.0.0, X-CUBE-AZRTOS-WB_V2.0.0, X-CUBE-AZRTOS-WL_V2.0.0, X-CUBE-BLE1_V7.1.0, X-CUBE-BLE2_V3.3.0, X-CUBE-BLEMGR_V4.0.0, X-CUBE-EEPRMA1_V5.1.0, X-CUBE-FREERTOS_V1.3.1, X-CUBE-GNSS1_V6.0.0, X-CUBE-MEMS1_V11.3.0, X-CUBE-NFC4_V3.0.0, X-CUBE-NFC7_V2.0.0, X-CUBE-SFXS2LP1_V4.0.0, X-CUBE-SUBG2_V5.0.0, X-CUBE-TOF1_V3.4.3]
2025-07-28 21:56:39,815 [INFO] DbBoardsSqlite:226 - include board P-NUCLEO-WB55-NUCLEO as a kit item of type 'Nucleo-64'
2025-07-28 21:56:39,815 [INFO] DbBoardsSqlite:226 - include board P-NUCLEO-WB55-USBDONGLE as a kit item of type 'Nucleo USB Dongle'
2025-07-28 21:56:39,817 [INFO] DbBoardsSqlite:226 - include board STEVAL-IDP005V1 as a kit item of type 'Evaluation Board'
2025-07-28 21:56:39,817 [INFO] DbBoardsSqlite:226 - include board STEVAL-IDP005V2 as a kit item of type 'Evaluation Board'
2025-07-28 21:56:39,942 [INFO] ApiDb:240 - Found 880 in-development CPN: [B-G473E-ZEST1S, B-WB1M-WPAN1, B-WBA5M-WPAN, B-WL5M-SUBG1, NUCLEO-C031C6, NUCLEO-C051C8, NUCLEO-C071RB, NUCLEO-C092RC, NUCLEO-H503RB, NUCLEO-H533RE, NUCLEO-H563ZI, NUCLEO-H7S3L8, NUCLEO-N657X0-Q, NUCLEO-U031R8, NUCLEO-U083RC, NUCLEO-U385RG-Q, NUCLEO-U545RE-Q, NUCLEO-U5A5ZJ-Q, NUCLEO-WB05KZ, NUCLEO-WB07CC, NUCLEO-WB09KE, NUCLEO-WBA52CG, NUCLEO-WBA55CG, NUCLEO-WL33CC1, NUCLEO-WL33CC2, STEVAL-PROTEUS1, STEVAL-SMARTAG2, STEVAL-STWINBX1, STM320518-EVAL, STM32C0116-DK, STM32C011D6Y3TR, STM32C011D6Y6TR, STM32C011F4P3, STM32C011F4P6, STM32C011F4U3, STM32C011F4U6TR, STM32C011F6P3, STM32C011F6P6, STM32C011F6U3, STM32C011F6U6TR, STM32C011J4M3, STM32C011J4M6, STM32C011J6M3, STM32C011J6M6, STM32C0316-DK, STM32C031C4T3, STM32C031C4T6, STM32C031C4U3, STM32C031C4U6, STM32C031C6T3, STM32C031C6T6, STM32C031C6U3, STM32C031C6U6, STM32C031F4P3, STM32C031F4P6, STM32C031F6P3, STM32C031F6P6, STM32C031G4U3, STM32C031G4U6, STM32C031G6U3, STM32C031G6U6, STM32C031K4T3, STM32C031K4T6, STM32C031K4U3, STM32C031K4U6, STM32C031K6T3, STM32C031K6T6, STM32C031K6U3, STM32C031K6U6, STM32C051C6T6, STM32C051C6U6, STM32C051C8T6, STM32C051C8U6, STM32C051D8Y6TR, STM32C051F6P6, STM32C051F8P6, STM32C051G6U6, STM32C051G8U6, STM32C051K6T6, STM32C051K6U6, STM32C051K8T6, STM32C071C8T6, STM32C071C8T6N, STM32C071C8U6, STM32C071C8U6N, STM32C071CBT6, STM32C071CBT6N, STM32C071CBU6, STM32C071CBU6N, STM32C071F8P6, STM32C071F8P6N, STM32C071FBP6, STM32C071FBP6N, STM32C071FBY6TR, STM32C071G8U6, STM32C071G8U6N, STM32C071GBU6, STM32C071GBU6N, STM32C071K8T6, STM32C071K8T6N, STM32C071K8U6, STM32C071K8U6N, STM32C071KBT6, STM32C071KBT6N, STM32C071KBU6, STM32C071KBU6N, STM32C071R8T6, STM32C071R8T6N, STM32C071RBI6N, STM32C071RBT6, STM32C071RBT6N, STM32C091CBT6, STM32C091CBU6, STM32C091CCT6, STM32C091CCU6, STM32C091ECY6TR, STM32C091FBP6, STM32C091FCP6, STM32C091GBU6, STM32C091GCU6, STM32C091KBT6, STM32C091KBU6, STM32C091KCT6, STM32C091KCU6, STM32C091RBT6, STM32C091RCI6, STM32C091RCT6, STM32C092CBT6, STM32C092CBU6, STM32C092CCT6, STM32C092CCU6, STM32C092ECY6TR, STM32C092FBP6, STM32C092FCP6, STM32C092GBU6, STM32C092GCU6, STM32C092KBT6, STM32C092KBU6, STM32C092KCT6, STM32C092KCU6, STM32C092RBT6, STM32C092RCI6, STM32C092RCT6, STM32G071K8TXN, STM32G071K8UXN, STM32G081GBU6N, STM32G081KBT6N, STM32G081KBUXN, STM32G0B1CCT6N, STM32G0B1KCT6, STM32G0B1NEY6TR, STM32G0B1RCT6N, STM32G0C1CCT6, STM32G0C1CCT6N, STM32G0C1CCU6N, STM32G0C1CET6N, STM32G0C1CEU6N, STM32G0C1KCT6, STM32G0C1NEY6TR, STM32G0C1RCI6N, STM32G0C1RCT6N, STM32G0C1REI6N, STM32G0C1RET6N, STM32G0C1VCI6, STM32G0C1VEI6, STM32G411C6T3, STM32G411C6T6, STM32G411C6U3, STM32G411C6U6, STM32G411C8T3, STM32G411C8T6, STM32G411C8U3, STM32G411C8U6, STM32G411CBT3, STM32G411CBT6, STM32G411CBU3, STM32G411CBU6, STM32G411K6T3, STM32G411K6T6, STM32G411K6U3, STM32G411K6U6, STM32G411K8T3, STM32G411K8T6, STM32G411K8U3, STM32G411K8U6, STM32G411KBT3, STM32G411KBT6, STM32G411KBU3, STM32G411KBU6, STM32G411M6T3, STM32G411M6T6, STM32G411M8T3, STM32G411M8T6, STM32G411MBT3, STM32G411MBT6, STM32G411R6T3, STM32G411R6T6, STM32G411R8T3, STM32G411R8T6, STM32G411RBT3, STM32G411RBT6, STM32G414CBT3, STM32G414CBT6, STM32G414CBU3, STM32G414CBU6, STM32G414CCT3, STM32G414CCT6, STM32G414CCU3, STM32G414CCU6, STM32G414MBT3, STM32G414MBT6, STM32G414MCT3, STM32G414MCT6, STM32G414RBT3, STM32G414RBT6, STM32G414RCT3, STM32G414RCT6, STM32G414VBT3, STM32G414VBT6, STM32G414VCT3, STM32G414VCT6, STM32G431CBT3Z, STM32G431RBT3Z, STM32G471CCT6, STM32G471CCU6, STM32G471CET3, STM32G471CET6, STM32G471CEU3, STM32G471CEU6, STM32G471MCT6, STM32G471MET3, STM32G471MET6, STM32G471MEY6TR, STM32G471QCT6, STM32G471QET3, STM32G471RCT6, STM32G471RET3, STM32G471RET6, STM32G471VCH6, STM32G471VCI6, STM32G471VCT6, STM32G471VEH3, STM32G471VEH6, STM32G471VEI3, STM32G471VEI6, STM32G471VET3, STM32G471VET6, STM32G473QET3Z, STM32G473RET3Z, STM32G474CCT6, STM32G491RET3Z, STM32H503CBT6, STM32H503CBU6, STM32H503EBY6TR, STM32H503KBU6, STM32H503RBT6, STM32H523CCT6, STM32H523CCU6, STM32H523CET6, STM32H523CEU6, STM32H523HEY6TR, STM32H523RCT6, STM32H523RET6, STM32H523VCI6, STM32H523VCT6, STM32H523VEI6, STM32H523VET6, STM32H523ZCJ6, STM32H523ZCT6, STM32H523ZEJ6, STM32H523ZET6, STM32H533CET6, STM32H533CEU6, STM32H533HEY6TR, STM32H533RET6, STM32H533VEI6, STM32H533VET6, STM32H533ZEJ6, STM32H533ZET6, STM32H562AGI6, STM32H562AII6, STM32H562IGK6, STM32H562IGT6, STM32H562IIK6, STM32H562IIT6, STM32H562RGT6, STM32H562RGV6, STM32H562RIT6, STM32H562RIV6, STM32H562VGT6, STM32H562VIT6, STM32H562ZGT6, STM32H562ZIT6, STM32H563AGI6, STM32H563AII3Q, STM32H563AII6, STM32H563IGK6, STM32H563IGT6, STM32H563IIK3Q, STM32H563IIK6, STM32H563IIT3Q, STM32H563IIT6, STM32H563MIY3QTR, STM32H563RGT6, STM32H563RGV6, STM32H563RIT6, STM32H563RIV6, STM32H563VGT6, STM32H563VIT3Q, STM32H563VIT6, STM32H563ZGT6, STM32H563ZIT3Q, STM32H563ZIT6, STM32H573AII3Q, STM32H573AII6, STM32H573I-DK, STM32H573IIK3Q, STM32H573IIK6, STM32H573IIT3Q, STM32H573IIT6, STM32H573MIY3QTR, STM32H573RIT6, STM32H573RIV6, STM32H573VIT3Q, STM32H573VIT6, STM32H573ZIT3Q, STM32H573ZIT6, STM32H7R3A8I6, STM32H7R3I8K6, STM32H7R3I8T6, STM32H7R3L8H6, STM32H7R3L8H6H, STM32H7R3R8V6, STM32H7R3V8H6, STM32H7R3V8T6, STM32H7R3V8Y6TR, STM32H7R3Z8J6, STM32H7R3Z8T6, STM32H7R7A8I6, STM32H7R7I8K6, STM32H7R7I8T6, STM32H7R7L8H6, STM32H7R7L8H6H, STM32H7R7Z8J6, STM32H7S3A8I6, STM32H7S3I8K6, STM32H7S3I8T6, STM32H7S3L8H6, STM32H7S3L8H6H, STM32H7S3R8V6, STM32H7S3V8H6, STM32H7S3V8T6, STM32H7S3V8Y6TR, STM32H7S3Z8J6, STM32H7S3Z8T6, STM32H7S78-DK, STM32H7S7A8I6, STM32H7S7I8K6, STM32H7S7I8T6, STM32H7S7L8H6, STM32H7S7L8H6H, STM32H7S7Z8J6, STM32L4R5QGI6STR, STM32MP131AAE3, STM32MP131AAF3, STM32MP131AAG3, STM32MP131CAE3, STM32MP131CAF3, STM32MP131CAG3, STM32MP131DAE7, STM32MP131DAF7, STM32MP131DAG7, STM32MP131FAE7, STM32MP131FAF7, STM32MP131FAG7, STM32MP133AAE3, STM32MP133AAF3, STM32MP133AAG3, STM32MP133CAE3, STM32MP133CAF3, STM32MP133CAG3, STM32MP133DAE7, STM32MP133DAF7, STM32MP133DAG7, STM32MP133FAE7, STM32MP133FAF7, STM32MP133FAG7, STM32MP135AAE3, STM32MP135AAF3, STM32MP135AAG3, STM32MP135CAE3, STM32MP135CAF3, STM32MP135CAG3, STM32MP135DAE7, STM32MP135DAF7, STM32MP135DAG7, STM32MP135F-DK, STM32MP135FAE7, STM32MP135FAF7, STM32MP135FAF7T, STM32MP135FAF7U, STM32MP135FAG7, STM32MP211AAL3, STM32MP211AAM3, STM32MP211AAN3, STM32MP211AAO3, STM32MP211CAL3, STM32MP211CAM3, STM32MP211CAN3, STM32MP211CAO3, STM32MP211DAL3, STM32MP211DAM3, STM32MP211DAN3, STM32MP211DAO3, STM32MP211FAL3, STM32MP211FAM3, STM32MP211FAN3, STM32MP211FAO3, STM32MP213AAL3, STM32MP213AAM3, STM32MP213AAN3, STM32MP213AAO3, STM32MP213CAL3, STM32MP213CAM3, STM32MP213CAN3, STM32MP213CAO3, STM32MP213DAL3, STM32MP213DAM3, STM32MP213DAN3, STM32MP213DAO3, STM32MP213FAL3, STM32MP213FAM3, STM32MP213FAN3, STM32MP213FAO3, STM32MP215AAL3, STM32MP215AAM3, STM32MP215AAN3, STM32MP215AAO3, STM32MP215CAL3, STM32MP215CAM3, STM32MP215CAN3, STM32MP215CAO3, STM32MP215DAL3, STM32MP215DAM3, STM32MP215DAN3, STM32MP215DAO3, STM32MP215F-DK, STM32MP215FAL3, STM32MP215FAM3, STM32MP215FAN3, STM32MP215FAO3, STM32MP231AAJ3, STM32MP231AAK3, STM32MP231AAL3, STM32MP231CAJ3, STM32MP231CAK3, STM32MP231CAL3, STM32MP231DAJ3, STM32MP231DAK3, STM32MP231DAL3, STM32MP231FAJ3, STM32MP231FAK3, STM32MP231FAL3, STM32MP233AAJ3, STM32MP233AAK3, STM32MP233AAL3, STM32MP233CAJ3, STM32MP233CAK3, STM32MP233CAL3, STM32MP233DAJ3, STM32MP233DAK3, STM32MP233DAL3, STM32MP233FAJ3, STM32MP233FAK3, STM32MP233FAL3, STM32MP235AAJ3, STM32MP235AAK3, STM32MP235AAL3, STM32MP235CAJ3, STM32MP235CAK3, STM32MP235CAL3, STM32MP235DAJ3, STM32MP235DAK3, STM32MP235DAL3, STM32MP235FAJ3, STM32MP235FAK3, STM32MP235FAL3, STM32MP251AAI3, STM32MP251AAK3, STM32MP251AAL3, STM32MP251CAI3, STM32MP251CAK3, STM32MP251CAL3, STM32MP251DAI3, STM32MP251DAK3, STM32MP251DAL3, STM32MP251FAI3, STM32MP251FAK3, STM32MP251FAL3, STM32MP253AAI3, STM32MP253AAK3, STM32MP253AAL3, STM32MP253CAI3, STM32MP253CAK3, STM32MP253CAL3, STM32MP253DAI3, STM32MP253DAK3, STM32MP253DAL3, STM32MP253FAI3, STM32MP253FAK3, STM32MP253FAL3, STM32MP255AAI3, STM32MP255AAK3, STM32MP255AAL3, STM32MP255CAI3, STM32MP255CAK3, STM32MP255CAL3, STM32MP255DAI3, STM32MP255DAK3, STM32MP255DAL3, STM32MP255FAI3, STM32MP255FAK3, STM32MP255FAL3, STM32MP257AAI3, STM32MP257AAK3, STM32MP257AAL3, STM32MP257CAI3, STM32MP257CAK3, STM32MP257CAL3, STM32MP257DAI3, STM32MP257DAK3, STM32MP257DAL3, STM32MP257F-DK, STM32MP257F-EV1, STM32MP257FAI3, STM32MP257FAK3, STM32MP257FAL3, STM32N645A0H3Q, STM32N645B0H3Q, STM32N645I0H3Q, STM32N645L0H3Q, STM32N645X0H3Q, STM32N645Z0H3Q, STM32N647A0H3Q, STM32N647B0H3Q, STM32N647I0H3Q, STM32N647L0H3Q, STM32N647X0H3Q, STM32N647Z0H3Q, STM32N655A0H3Q, STM32N655B0H3Q, STM32N655I0H3Q, STM32N655L0H3Q, STM32N655X0H3Q, STM32N655Z0H3Q, STM32N6570-DK, STM32N657A0H3Q, STM32N657B0H3Q, STM32N657I0H3Q, STM32N657L0H3Q, STM32N657X0H3Q, STM32N657Z0H3Q, STM32U031C6T6, STM32U031C6U6, STM32U031C8T6, STM32U031C8U6, STM32U031F4P6, STM32U031F6P6, STM32U031F8P6, STM32U031G6Y6TR, STM32U031G8Y6TR, STM32U031K4U6, STM32U031K6U6, STM32U031K8U6, STM32U031R6I6, STM32U031R6T6, STM32U031R8I6, STM32U031R8T6, STM32U073C8T6, STM32U073C8U6, STM32U073CBT6, STM32U073CBU6, STM32U073CCT6, STM32U073CCU6, STM32U073H8Y6TR, STM32U073HBY6TR, STM32U073HCY6TR, STM32U073K8U6, STM32U073KBU6, STM32U073KCU6, STM32U073M8I6, STM32U073M8T6, STM32U073MBI6, STM32U073MBT6, STM32U073MCI6, STM32U073MCT6, STM32U073R8I6, STM32U073R8T6, STM32U073RBI6, STM32U073RBT6, STM32U073RCI6, STM32U073RCT6, STM32U083C-DK, STM32U083CCT6, STM32U083CCU6, STM32U083HCY6TR, STM32U083KCU6, STM32U083MCI6, STM32U083MCT6, STM32U083RCI6, STM32U083RCT6, STM32U375CET6, STM32U375CET6Q, STM32U375CEU6, STM32U375CEU6Q, STM32U375CEY6QTR, STM32U375CGT6, STM32U375CGT6Q, STM32U375CGU6, STM32U375CGU6Q, STM32U375CGY6QTR, STM32U375KEU6, STM32U375KGU6, STM32U375REI6, STM32U375REI6Q, STM32U375RET6, STM32U375RET6Q, STM32U375REY6GTR, STM32U375REY6QTR, STM32U375RGI6, STM32U375RGI6Q, STM32U375RGT6, STM32U375RGT6Q, STM32U375RGY6GTR, STM32U375RGY6QTR, STM32U375VEI6, STM32U375VEI6Q, STM32U375VET6, STM32U375VET6Q, STM32U375VGI6, STM32U375VGI6Q, STM32U375VGT6, STM32U375VGT6Q, STM32U385CGT6, STM32U385CGT6Q, STM32U385CGU6, STM32U385CGU6Q, STM32U385CGY6QTR, STM32U385KGU6, STM32U385RGI6, STM32U385RGI6Q, STM32U385RGT6, STM32U385RGT6Q, STM32U385RGY6GTR, STM32U385RGY6QTR, STM32U385VGI6, STM32U385VGI6Q, STM32U385VGT6, STM32U385VGT6Q, STM32U535CBT6, STM32U535CBT6Q, STM32U535CBU6, STM32U535CBU6Q, STM32U535CCT6, STM32U535CCT6Q, STM32U535CCU6, STM32U535CCU6Q, STM32U535CET6, STM32U535CET6Q, STM32U535CEU6, STM32U535CEU6Q, STM32U535JEY6QTR, STM32U535NCY6QTR, STM32U535NEY6QTR, STM32U535RBI6, STM32U535RBI6Q, STM32U535RBT6, STM32U535RBT6Q, STM32U535RCI6, STM32U535RCI6Q, STM32U535RCT6, STM32U535RCT6Q, STM32U535REI6, STM32U535REI6Q, STM32U535RET6, STM32U535RET6Q, STM32U535VCI6, STM32U535VCI6Q, STM32U535VCT6, STM32U535VCT6Q, STM32U535VEI6, STM32U535VEI6Q, STM32U535VET6, STM32U535VET6Q, STM32U545CET6, STM32U545CET6Q, STM32U545CEU6, STM32U545CEU6Q, STM32U545JEY6QTR, STM32U545NEY6QTR, STM32U545REI6, STM32U545REI6Q, STM32U545RET6, STM32U545RET6Q, STM32U545VEI6, STM32U545VEI6Q, STM32U545VET6, STM32U545VET6Q, STM32U595AIH6, STM32U595AIH6Q, STM32U595AJH6, STM32U595AJH6Q, STM32U595QII6, STM32U595QII6Q, STM32U595QJI6, STM32U595QJI6Q, STM32U595RIT6, STM32U595RIT6Q, STM32U595RJT6, STM32U595RJT6Q, STM32U595VIT6, STM32U595VIT6Q, STM32U595VJT6, STM32U595VJT6Q, STM32U595ZIT6, STM32U595ZIT6Q, STM32U595ZIY6QTR, STM32U595ZJT6, STM32U595ZJT6Q, STM32U595ZJY6QTR, STM32U599BJY6QTR, STM32U599NIH6Q, STM32U599NJH6Q, STM32U599VIT6Q, STM32U599VJT6, STM32U599VJT6Q, STM32U599ZIT6Q, STM32U599ZIY6QTR, STM32U599ZJT6Q, STM32U599ZJY6QTR, STM32U5A5AJH6, STM32U5A5AJH6Q, STM32U5A5QII3Q , STM32U5A5QJI6, STM32U5A5QJI6Q, STM32U5A5RJT6, STM32U5A5RJT6Q, STM32U5A5VJT6, STM32U5A5VJT6Q, STM32U5A5ZJT6, STM32U5A5ZJT6Q, STM32U5A5ZJY6QTR, STM32U5A9BJY6QTR, STM32U5A9J-DK, STM32U5A9NJH6Q, STM32U5A9VJT6Q, STM32U5A9ZJT6Q, STM32U5A9ZJY6QTR, STM32U5F7VIT6, STM32U5F7VIT6Q, STM32U5F7VJT6, STM32U5F7VJT6Q, STM32U5F9BJY6QTR, STM32U5F9NJH6Q, STM32U5F9VIT6Q, STM32U5F9VJT6Q, STM32U5F9ZIJ6QTR, STM32U5F9ZIT6Q, STM32U5F9ZJJ6QTR, STM32U5F9ZJT6Q, STM32U5G7VJT6, STM32U5G7VJT6Q, STM32U5G9BJY6QTR, STM32U5G9J-DK1, STM32U5G9J-DK2, STM32U5G9NJH6Q, STM32U5G9VJT6Q, STM32U5G9ZJJ6QTR, STM32U5G9ZJT6Q, STM32WB05KZV6TR, STM32WB05KZV7TR, STM32WB05TZF6TR, STM32WB05TZF7TR, STM32WB06CCF6TR, STM32WB06CCF7TR, STM32WB06CCV6TR, STM32WB06CCV7TR, STM32WB06KCV6TR, STM32WB06KCV7TR, STM32WB07CCF6TR, STM32WB07CCF7TR, STM32WB07CCV6TR, STM32WB07CCV7TR, STM32WB07KCV6TR, STM32WB07KCV7TR, STM32WB09KEV6TR, STM32WB09KEV7TR, STM32WB09TEF6TR, STM32WB09TEF7TR, STM32WB1MMCH6, STM32WBA50KGU6, STM32WBA50KGU6TR, STM32WBA52CEU6, STM32WBA52CEU6TR, STM32WBA52CEU7, STM32WBA52CEU7TR, STM32WBA52CGU6, STM32WBA52CGU6TR, STM32WBA52CGU6U, STM32WBA52CGU7, STM32WBA52CGU7TR, STM32WBA52KEU6, STM32WBA52KEU6TR, STM32WBA52KGU6, STM32WBA52KGU6TR, STM32WBA54CEU6, STM32WBA54CEU6TR, STM32WBA54CEU7, STM32WBA54CEU7TR, STM32WBA54CGU6, STM32WBA54CGU6TR, STM32WBA54CGU7, STM32WBA54CGU7TR, STM32WBA54KEU6, STM32WBA54KEU6TR, STM32WBA54KEU7, STM32WBA54KEU7TR, STM32WBA54KGU6, STM32WBA54KGU6TR, STM32WBA54KGU7, STM32WBA54KGU7TR, STM32WBA55CEU6, STM32WBA55CEU6TR, STM32WBA55CEU7, STM32WBA55CEU7TR, STM32WBA55CGU6, STM32WBA55CGU6TR, STM32WBA55CGU6U, STM32WBA55CGU7, STM32WBA55CGU7TR, STM32WBA55G-DK1, STM32WBA55HEF6, STM32WBA55HEF7, STM32WBA55HGF6, STM32WBA55HGF7, STM32WBA55UEI6, STM32WBA55UEI6TR, STM32WBA55UEI7, STM32WBA55UEI7TR, STM32WBA55UGI6, STM32WBA55UGI6TR, STM32WBA55UGI7, STM32WBA55UGI7TR, STM32WBA5MMGH6TR, STM32WBA62MGF6, STM32WBA62MIF6, STM32WBA65MGF7, STM32WBA65MIF6, STM32WBA65MIF7, STM32WL30K8V6, STM32WL30KBV6, STM32WL31C8V6, STM32WL31CBV6, STM32WL31K8V6, STM32WL31KBV6, STM32WL33C8V6, STM32WL33C8V6X, STM32WL33CBV6, STM32WL33CBV6X, STM32WL33CCV6, STM32WL33CCV6A, STM32WL33CCV6X, STM32WL33K8V7, STM32WL33K8V7X, STM32WL33KBV7 , STM32WL33KBV7X, STM32WL33KCV7, STM32WL33KCV7X, STM32WL5MOCH6, STM32WL5MOCH6TR]
2025-07-28 21:56:40,406 [INFO] BoardInfo:889 - No configuration file found for board P-NUCLEO-WB55
2025-07-28 21:56:40,409 [INFO] DbBoards:161 - Kit is not supported: P-NUCLEO-WB55
2025-07-28 21:56:40,423 [INFO] BoardInfo:889 - No configuration file found for board STEVAL-BFA001V1B
2025-07-28 21:56:40,426 [INFO] DbBoards:161 - Kit is not supported: STEVAL-BFA001V1B
2025-07-28 21:56:40,428 [INFO] BoardInfo:889 - No configuration file found for board STEVAL-BFA001V2B
2025-07-28 21:56:40,431 [INFO] DbBoards:161 - Kit is not supported: STEVAL-BFA001V2B
2025-07-28 21:56:40,980 [INFO] DbBoards:168 - Found 212 boards, 209 are supported
2025-07-28 21:56:40,980 [INFO] DbBoards:169 - Found 212 boards, 43 of them is supported for  Bsp
2025-07-28 21:56:40,983 [INFO] ApiDb:423 - Load user favorites file C:\Users\Admin/.stm32cubeide/favorites.boards.txt: 0 item(s)
2025-07-28 21:56:40,984 [INFO] ApiDb:427 - User favorites Boards=[]
2025-07-28 21:56:40,984 [INFO] DbBoards:198 - Set 0 / 0 favorites Boards
2025-07-28 21:56:40,984 [INFO] McuFinderGlobals:76 - Set McuFinderConnectedMode to true
2025-07-28 21:56:40,994 [INFO] MultiScanPanel:200 - Auto-refresh data requested => check proxy status ongoing
2025-07-28 21:56:40,998 [INFO] FinderPluginLoader:96 - Searching for filters in installed packs
2025-07-28 21:56:43,137 [INFO] LoadUrlFilesThread:185 - End of LoadServerUrlFiles without Thread
2025-07-28 21:56:43,294 [INFO] DetailPanel:341 - Set advertising image to C:/Users/Admin/STM32Cube/Repository/\en.2400x1350px.jpeg
2025-07-28 21:57:07,183 [INFO] MainUpdater:2872 - connection check result : 10
2025-07-28 21:57:07,184 [INFO] MainUpdater:2872 - connection check result : 10
2025-07-28 21:57:07,202 [INFO] MicroXplorer:468 - Change Database Path : 
2025-07-28 21:57:07,202 [INFO] MicroXplorer:498 - Change Database Version : DB.6.0.150
2025-07-28 21:57:07,213 [WARN] ThirdParty:871 - waiting for thirdparty lock release [close project]
2025-07-28 21:57:07,213 [INFO] ThirdParty:873 - entering critical section [close project]
2025-07-28 21:57:07,214 [INFO] ThirdParty:883 - exiting critical section [close project]
2025-07-28 21:57:07,219 [INFO] PinOutPanel:1589 - setPackage(No Configuration,No Configuration)
2025-07-28 21:57:07,222 [INFO] UtilMem:75 - Begin LoadConfig() Used Memory: 967766008 Bytes (1038090240)
2025-07-28 21:57:07,224 [INFO] MicroXplorer:468 - Change Database Path : 
2025-07-28 21:57:07,224 [INFO] MicroXplorer:498 - Change Database Version : DB.6.0.150
2025-07-28 21:57:07,224 [INFO] OpenFileManager:355 - Change cursor
2025-07-28 21:57:07,544 [INFO] Mcu:2029 - Initializing MCU STM32F407VETx STM32F407VETx STM32F407VET6
2025-07-28 21:57:09,886 [INFO] Context:786 - Trying to add GPIOservice into a context  which must be forbidden
2025-07-28 21:57:10,535 [INFO] ImportTextPane:234 - (OptionalMessage_ERROR) Unable to find key (Mcu.ThirdPartyNb) in loaded IOC file
2025-07-28 21:57:10,535 [INFO] ImportTextPane:234 - (OptionalMessage_ERROR) Unable to find key (Mcu.PinsNb) in loaded IOC file
2025-07-28 21:57:10,537 [INFO] ImportTextPane:234 - (OptionalMessage_ERROR) Pin0 (VP_RIF_VS_RIF1) cannot be retrieved for this MCU
2025-07-28 21:57:10,538 [INFO] ImportTextPane:234 - (OptionalMessage_ERROR) Unable to find key (Mcu.IPNb) in loaded IOC file
2025-07-28 21:57:10,638 [INFO] RtosManager:558 - Registered RTOS mode: class=CMSIS, group=RTOS, mode=CMSIS_V1, owner=FREERTOS
2025-07-28 21:57:10,638 [INFO] RtosManager:558 - Registered RTOS mode: class=CMSIS, group=RTOS2, mode=CMSIS_V2, owner=FREERTOS
2025-07-28 21:57:10,640 [INFO] RtosManager:558 - Registered RTOS mode: class=RTOS, group=Core, mode=CMSIS_V1, owner=FREERTOS
2025-07-28 21:57:10,640 [INFO] RtosManager:558 - Registered RTOS mode: class=RTOS, group=Core, mode=CMSIS_V2, owner=FREERTOS
2025-07-28 21:57:10,640 [WARN] ModelIntegratedComponent:184 - Missing modes for component STMicroelectronics:FreeRTOS:0.0.1:STMicroelectronics:RTOS:FreeRTOS:Core:::10.2.0:
2025-07-28 21:57:10,653 [WARN] ModelIntegratedComponent:63 - No mode defined for component null
2025-07-28 21:57:10,654 [WARN] ModelIntegratedComponent:63 - No mode defined for component null
2025-07-28 21:57:10,654 [WARN] ModelIntegratedComponent:63 - No mode defined for component null
2025-07-28 21:57:10,654 [WARN] ModelIntegratedComponent:63 - No mode defined for component null
2025-07-28 21:57:10,654 [WARN] ModelIntegratedComponent:63 - No mode defined for component null
2025-07-28 21:57:10,654 [WARN] ModelIntegratedComponent:63 - No mode defined for component null
2025-07-28 21:57:10,655 [WARN] ModelIntegratedComponent:63 - No mode defined for component null
2025-07-28 21:57:10,655 [WARN] ModelIntegratedComponent:63 - No mode defined for component null
2025-07-28 21:57:10,655 [WARN] ModelIntegratedComponent:63 - No mode defined for component null
2025-07-28 21:57:10,655 [WARN] ModelIntegratedComponent:63 - No mode defined for component null
2025-07-28 21:57:10,655 [WARN] ModelIntegratedComponent:63 - No mode defined for component null
2025-07-28 21:57:10,655 [WARN] ModelIntegratedComponent:63 - No mode defined for component null
2025-07-28 21:57:10,655 [WARN] ModelIntegratedComponent:63 - No mode defined for component null
2025-07-28 21:57:10,655 [WARN] ModelIntegratedComponent:63 - No mode defined for component null
2025-07-28 21:57:10,655 [WARN] ModelIntegratedComponent:63 - No mode defined for component null
2025-07-28 21:57:10,655 [WARN] ModelIntegratedComponent:63 - No mode defined for component null
2025-07-28 21:57:10,655 [WARN] ModelIntegratedComponent:63 - No mode defined for component null
2025-07-28 21:57:10,655 [WARN] ModelIntegratedComponent:63 - No mode defined for component null
2025-07-28 21:57:10,655 [WARN] ModelIntegratedComponent:63 - No mode defined for component null
2025-07-28 21:57:10,656 [WARN] ModelIntegratedComponent:63 - No mode defined for component null
2025-07-28 21:57:10,656 [WARN] ModelIntegratedComponent:63 - No mode defined for component null
2025-07-28 21:57:10,656 [WARN] ModelIntegratedComponent:63 - No mode defined for component null
2025-07-28 21:57:10,656 [WARN] ModelIntegratedComponent:63 - No mode defined for component null
2025-07-28 21:57:10,656 [WARN] ModelIntegratedComponent:63 - No mode defined for component null
2025-07-28 21:57:10,656 [WARN] ModelIntegratedComponent:63 - No mode defined for component null
2025-07-28 21:57:10,656 [WARN] ModelIntegratedComponent:63 - No mode defined for component null
2025-07-28 21:57:10,656 [WARN] ModelIntegratedComponent:63 - No mode defined for component null
2025-07-28 21:57:10,656 [WARN] ModelIntegratedComponent:63 - No mode defined for component null
2025-07-28 21:57:10,656 [WARN] ModelIntegratedComponent:63 - No mode defined for component null
2025-07-28 21:57:10,656 [WARN] ModelIntegratedComponent:63 - No mode defined for component null
2025-07-28 21:57:10,656 [WARN] ModelIntegratedComponent:63 - No mode defined for component null
2025-07-28 21:57:10,656 [WARN] ModelIntegratedComponent:63 - No mode defined for component null
2025-07-28 21:57:10,656 [WARN] ModelIntegratedComponent:63 - No mode defined for component null
2025-07-28 21:57:10,656 [WARN] ModelIntegratedComponent:63 - No mode defined for component null
2025-07-28 21:57:10,656 [WARN] ModelIntegratedComponent:63 - No mode defined for component null
2025-07-28 21:57:10,657 [WARN] ModelPack:524 - Component already loaded: STMicroelectronics:HAL Drivers:0.0.0:STMicroelectronics:Device:STMicro_Driver:XSPI:HAL::0.0.1:HAL_XSPI
2025-07-28 21:57:11,145 [INFO] ThirdPartyModel:298 - Start build external matchings
2025-07-28 21:57:12,642 [INFO] ThirdPartyModel:316 - End build external matchings
2025-07-28 21:57:13,208 [INFO] UtilMem:75 - End LoadConfig() Used Memory: 734063320 Bytes (1073741824)
2025-07-28 21:57:13,275 [WARN] ThirdParty:833 - waiting for thirdparty lock release [change project]
2025-07-28 21:57:13,275 [INFO] ThirdParty:835 - entering critical section [change project]
2025-07-28 21:57:13,275 [INFO] ThirdParty:1030 - CMSIS Pack Vendor :STMicroelectronics X-CUBE-PM33A1 1.0.0
2025-07-28 21:57:13,275 [INFO] ThirdParty:1030 - CMSIS Pack Vendor :STMicroelectronics USBPD 4.1
2025-07-28 21:57:13,275 [INFO] ThirdParty:1030 - CMSIS Pack Vendor :STMicroelectronics USB_HOST 2.0.0
2025-07-28 21:57:13,275 [INFO] ThirdParty:1030 - CMSIS Pack Vendor :STMicroelectronics FP-SNS-MOTENVWB1 1.4.0
2025-07-28 21:57:13,275 [INFO] ThirdParty:1030 - CMSIS Pack Vendor :STMicroelectronics X-CUBE-AZRTOS-F4 1.1.0
2025-07-28 21:57:13,275 [INFO] ThirdParty:1030 - CMSIS Pack Vendor :STMicroelectronics LIBJPEG 8.0.0
2025-07-28 21:57:13,276 [INFO] ThirdParty:1030 - CMSIS Pack Vendor :STMicroelectronics FP-ATR-ASTRA1 2.0.2
2025-07-28 21:57:13,276 [INFO] ThirdParty:1030 - CMSIS Pack Vendor :STMicroelectronics FP-ATR-ASTRA1 2.0.1
2025-07-28 21:57:13,276 [INFO] ThirdParty:1030 - CMSIS Pack Vendor :Avnet-IotConnect X-CUBE-IoTC-DA16k-PMOD 1.0.0
2025-07-28 21:57:13,276 [INFO] ThirdParty:1030 - CMSIS Pack Vendor :STMicroelectronics X-CUBE-SMBUS 2.1.0
2025-07-28 21:57:13,276 [INFO] ThirdParty:1030 - CMSIS Pack Vendor :STMicroelectronics X-CUBE-WB05N 1.1.0
2025-07-28 21:57:13,276 [INFO] ThirdParty:1030 - CMSIS Pack Vendor :STMicroelectronics X-CUBE-ISPU 2.1.0
2025-07-28 21:57:13,276 [INFO] ThirdParty:1030 - CMSIS Pack Vendor :STMicroelectronics X-CUBE-ST60 1.0.0
2025-07-28 21:57:13,276 [INFO] ThirdParty:1030 - CMSIS Pack Vendor :STMicroelectronics X-CUBE-NFC12 1.0.0
2025-07-28 21:57:13,276 [INFO] ThirdParty:1030 - CMSIS Pack Vendor :STMicroelectronics X-CUBE-AZRTOS-F7 1.1.0
2025-07-28 21:57:13,276 [INFO] ThirdParty:1030 - CMSIS Pack Vendor :STMicroelectronics X-CUBE-AZRTOS-L5 2.0.0
2025-07-28 21:57:13,276 [INFO] ThirdParty:1030 - CMSIS Pack Vendor :STMicroelectronics USB_DEVICE 2.0.0
2025-07-28 21:57:13,276 [INFO] ThirdParty:1030 - CMSIS Pack Vendor :STMicroelectronics X-CUBE-NFC6 3.1.0
2025-07-28 21:57:13,276 [INFO] ThirdParty:1030 - CMSIS Pack Vendor :STMicroelectronics FreeRTOS 0.0.1
2025-07-28 21:57:13,276 [INFO] ThirdParty:1030 - CMSIS Pack Vendor :STMicroelectronics X-CUBE-DPower 1.2.0
2025-07-28 21:57:13,276 [INFO] ThirdParty:1030 - CMSIS Pack Vendor :STMicroelectronics FP-SNS-FLIGHT1 5.0.2
2025-07-28 21:57:13,276 [INFO] ThirdParty:1030 - CMSIS Pack Vendor :Infineon AIROC-Wi-Fi-Bluetooth-STM32 1.7.0
2025-07-28 21:57:13,276 [INFO] ThirdParty:1030 - CMSIS Pack Vendor :STMicroelectronics PDM2PCM 3.3.0
2025-07-28 21:57:13,276 [INFO] ThirdParty:1030 - CMSIS Pack Vendor :STMicroelectronics X-CUBE-AZRTOS-H7 3.4.0
2025-07-28 21:57:13,276 [INFO] ThirdParty:1030 - CMSIS Pack Vendor :STMicroelectronics X-CUBE-DISPLAY 3.0.0
2025-07-28 21:57:13,276 [INFO] ThirdParty:1030 - CMSIS Pack Vendor :STMicroelectronics X-CUBE-BLE1 7.0.0
2025-07-28 21:57:13,276 [INFO] ThirdParty:1030 - CMSIS Pack Vendor :STMicroelectronics X-CUBE-NFC10 1.0.0
2025-07-28 21:57:13,276 [INFO] ThirdParty:1030 - CMSIS Pack Vendor :STMicroelectronics X-CUBE-BLEMGR 4.0.0
2025-07-28 21:57:13,276 [INFO] ThirdParty:1030 - CMSIS Pack Vendor :STMicroelectronics X-CUBE-FREERTOS 1.3.1
2025-07-28 21:57:13,276 [INFO] ThirdParty:1030 - CMSIS Pack Vendor :STMicroelectronics HAL Drivers 0.0.0
2025-07-28 21:57:13,276 [INFO] ThirdParty:1030 - CMSIS Pack Vendor :emotas I-CUBE-CANOPEN 1.3.0
2025-07-28 21:57:13,276 [INFO] ThirdParty:1030 - CMSIS Pack Vendor :STMicroelectronics X-CUBE-FREERTOS 1.3.0
2025-07-28 21:57:13,277 [INFO] ThirdParty:1030 - CMSIS Pack Vendor :STMicroelectronics X-CUBE-NFC7 1.0.1
2025-07-28 21:57:13,277 [INFO] ThirdParty:1030 - CMSIS Pack Vendor :STMicroelectronics MBEDTLS 2.14.1
2025-07-28 21:57:13,277 [INFO] ThirdParty:1030 - CMSIS Pack Vendor :STMicroelectronics X-CUBE-AI 10.0.0
2025-07-28 21:57:13,277 [INFO] ThirdParty:1030 - CMSIS Pack Vendor :STMicroelectronics FP-SNS-STAIOTCFT 1.0.0
2025-07-28 21:57:13,277 [INFO] ThirdParty:1030 - CMSIS Pack Vendor :STMicroelectronics FP-SNS-SMARTAG2 1.2.0
2025-07-28 21:57:13,277 [INFO] ThirdParty:1030 - CMSIS Pack Vendor :STMicroelectronics FP-SNS-FLIGHT1 5.1.0
2025-07-28 21:57:13,277 [INFO] ThirdParty:1030 - CMSIS Pack Vendor :STMicroelectronics X-CUBE-MEMS1 11.1.0
2025-07-28 21:57:13,277 [INFO] ThirdParty:1030 - CMSIS Pack Vendor :STMicroelectronics X-CUBE-AZRTOS-WL 2.0.0
2025-07-28 21:57:13,277 [INFO] ThirdParty:1030 - CMSIS Pack Vendor :STMicroelectronics X-CUBE-DPower 1.3.0
2025-07-28 21:57:13,277 [INFO] ThirdParty:1030 - CMSIS Pack Vendor :STMicroelectronics FP-SNS-MOTENV1 5.0.0
2025-07-28 21:57:13,277 [INFO] ThirdParty:1030 - CMSIS Pack Vendor :STMicroelectronics USB_DEVICE 1.0.0
2025-07-28 21:57:13,277 [INFO] ThirdParty:1030 - CMSIS Pack Vendor :wolfSSL I-CUBE-wolfMQTT 1.19.0
2025-07-28 21:57:13,277 [INFO] ThirdParty:1030 - CMSIS Pack Vendor :STMicroelectronics X-CUBE-AZRTOS-L4 2.0.0
2025-07-28 21:57:13,277 [INFO] ThirdParty:1030 - CMSIS Pack Vendor :STMicroelectronics ThreadX 0.0.2
2025-07-28 21:57:13,277 [INFO] ThirdParty:1030 - CMSIS Pack Vendor :WES I-CUBE-Cesium 1.3.0
2025-07-28 21:57:13,277 [INFO] ThirdParty:1030 - CMSIS Pack Vendor :STMicroelectronics lwIP 2.1.2
2025-07-28 21:57:13,277 [INFO] ThirdParty:1030 - CMSIS Pack Vendor :STMicroelectronics X-CUBE-SFXS2LP1 4.0.0
2025-07-28 21:57:13,277 [INFO] ThirdParty:1030 - CMSIS Pack Vendor :STMicroelectronics X-CUBE-BLE2 3.3.0
2025-07-28 21:57:13,277 [INFO] ThirdParty:1030 - CMSIS Pack Vendor :STMicroelectronics PDM2PCM 3.2.0
2025-07-28 21:57:13,277 [INFO] ThirdParty:1030 - CMSIS Pack Vendor :STMicroelectronics X-CUBE-AZRTOS-H7 3.3.0
2025-07-28 21:57:13,277 [INFO] ThirdParty:1030 - CMSIS Pack Vendor :STMicroelectronics X-CUBE-NFC9 1.0.0
2025-07-28 21:57:13,277 [INFO] ThirdParty:1030 - CMSIS Pack Vendor :STMicroelectronics X-CUBE-BLE1 7.1.0
2025-07-28 21:57:13,277 [INFO] ThirdParty:1030 - CMSIS Pack Vendor :STMicroelectronics USB_DEVICE 3.0.0
2025-07-28 21:57:13,277 [INFO] ThirdParty:1030 - CMSIS Pack Vendor :STMicroelectronics X-CUBE-EEPRMA1 5.2.0
2025-07-28 21:57:13,277 [INFO] ThirdParty:1030 - CMSIS Pack Vendor :STMicroelectronics X-CUBE-BLEMGR 4.1.0
2025-07-28 21:57:13,277 [INFO] ThirdParty:1030 - CMSIS Pack Vendor :STMicroelectronics X-CUBE-AZRTOS-WB 2.0.0
2025-07-28 21:57:13,278 [INFO] ThirdParty:1030 - CMSIS Pack Vendor :STMicroelectronics X-CUBE-GNSS1 7.0.1
2025-07-28 21:57:13,278 [INFO] ThirdParty:1030 - CMSIS Pack Vendor :STMicroelectronics X-CUBE-TOUCHGFX 4.25.0
2025-07-28 21:57:13,278 [INFO] ThirdParty:1030 - CMSIS Pack Vendor :STMicroelectronics X-CUBE-AI 10.1.0
2025-07-28 21:57:13,278 [INFO] ThirdParty:1030 - CMSIS Pack Vendor :STMicroelectronics FP-SNS-STBOX1 2.0.0
2025-07-28 21:57:13,278 [INFO] ThirdParty:1030 - CMSIS Pack Vendor :STMicroelectronics X-CUBE-MEMS1 11.2.0
2025-07-28 21:57:13,278 [INFO] ThirdParty:1030 - CMSIS Pack Vendor :STMicroelectronics X-CUBE-AZRTOS-G0 1.1.0
2025-07-28 21:57:13,278 [INFO] ThirdParty:1030 - CMSIS Pack Vendor :STMicroelectronics X-CUBE-SAFEA1 1.2.2
2025-07-28 21:57:13,278 [INFO] ThirdParty:1030 - CMSIS Pack Vendor :STMicroelectronics X-CUBE-NFC4 3.0.0
2025-07-28 21:57:13,278 [INFO] ThirdParty:1030 - CMSIS Pack Vendor :STMicroelectronics X-CUBE-SUBG2 5.0.0
2025-07-28 21:57:13,278 [INFO] ThirdParty:1030 - CMSIS Pack Vendor :STMicroelectronics X-CUBE-AZRTOS-H7RS 1.1.0
2025-07-28 21:57:13,278 [INFO] ThirdParty:1030 - CMSIS Pack Vendor :STMicroelectronics STM32_WPAN 1.0.0
2025-07-28 21:57:13,278 [INFO] ThirdParty:1030 - CMSIS Pack Vendor :EmbeddedOffice I-CUBE-FS-RTOS 1.0.1
2025-07-28 21:57:13,278 [INFO] ThirdParty:1030 - CMSIS Pack Vendor :STMicroelectronics lwIP 2.0.3
2025-07-28 21:57:13,278 [INFO] ThirdParty:1030 - CMSIS Pack Vendor :Cesanta I-CUBE-Mongoose 7.13.0
2025-07-28 21:57:13,278 [INFO] ThirdParty:1030 - CMSIS Pack Vendor :STMicroelectronics USB_HOST 1.0.0
2025-07-28 21:57:13,278 [INFO] ThirdParty:1030 - CMSIS Pack Vendor :STMicroelectronics X-CUBE-AZRTOS-G4 2.0.0
2025-07-28 21:57:13,278 [INFO] ThirdParty:1030 - CMSIS Pack Vendor :STMicroelectronics X-CUBE-WB05N 2.0.0
2025-07-28 21:57:13,279 [INFO] ThirdParty:1030 - CMSIS Pack Vendor :STMicroelectronics PDM2PCM 3.1.0
2025-07-28 21:57:13,279 [INFO] ThirdParty:1030 - CMSIS Pack Vendor :STMicroelectronics X-CUBE-NFC7 2.0.0
2025-07-28 21:57:13,279 [INFO] ThirdParty:1030 - CMSIS Pack Vendor :STMicroelectronics X-CUBE-TCPP 4.2.0
2025-07-28 21:57:13,279 [INFO] ThirdParty:1030 - CMSIS Pack Vendor :RealThread X-CUBE-RT-Thread_Nano 4.1.1
2025-07-28 21:57:13,279 [INFO] ThirdParty:1030 - CMSIS Pack Vendor :STMicroelectronics FP-ATR-SIGFOX1 3.2.0
2025-07-28 21:57:13,279 [INFO] ThirdParty:1030 - CMSIS Pack Vendor :quantropi X-CUBE-qispace-sdk-base 1.9.3
2025-07-28 21:57:13,279 [INFO] ThirdParty:1030 - CMSIS Pack Vendor :STMicroelectronics X-CUBE-EEPRMA1 5.1.0
2025-07-28 21:57:13,279 [INFO] ThirdParty:1030 - CMSIS Pack Vendor :STMicroelectronics MBEDTLS 2.16.2
2025-07-28 21:57:13,279 [INFO] ThirdParty:1030 - CMSIS Pack Vendor :STMicroelectronics X-CUBE-IPS 3.1.0
2025-07-28 21:57:13,279 [INFO] ThirdParty:1030 - CMSIS Pack Vendor :STMicroelectronics X-CUBE-ALS 1.0.2
2025-07-28 21:57:13,279 [INFO] ThirdParty:1030 - CMSIS Pack Vendor :wolfSSL I-CUBE-wolfSSL 5.7.4
2025-07-28 21:57:13,279 [INFO] ThirdParty:1030 - CMSIS Pack Vendor :ITTIA_DB I-CUBE-ITTIADB 8.9.0
2025-07-28 21:57:13,279 [INFO] ThirdParty:1030 - CMSIS Pack Vendor :STMicroelectronics X-CUBE-TOUCHGFX 4.24.2
2025-07-28 21:57:13,279 [INFO] ThirdParty:1030 - CMSIS Pack Vendor :wolfSSL I-CUBE-wolfTPM 3.4.0
2025-07-28 21:57:13,279 [INFO] ThirdParty:1030 - CMSIS Pack Vendor :portGmbH I-Cube-SoM-uGOAL 1.1.0
2025-07-28 21:57:13,279 [INFO] ThirdParty:1030 - CMSIS Pack Vendor :STMicroelectronics X-CUBE-ST67W61 1.0.0
2025-07-28 21:57:13,279 [INFO] ThirdParty:1030 - CMSIS Pack Vendor :STMicroelectronics ThreadX 1.0.0
2025-07-28 21:57:13,279 [INFO] ThirdParty:1030 - CMSIS Pack Vendor :SEGGER I-CUBE-embOS 1.3.1
2025-07-28 21:57:13,279 [INFO] ThirdParty:1030 - CMSIS Pack Vendor :STMicroelectronics X-CUBE-ALGOBUILD 1.4.0
2025-07-28 21:57:13,279 [INFO] ThirdParty:1030 - CMSIS Pack Vendor :STMicroelectronics X-CUBE-MEMS1 11.3.0
2025-07-28 21:57:13,280 [INFO] ThirdParty:1030 - CMSIS Pack Vendor :STMicroelectronics X-CUBE-AZRTOS-H7RS 1.0.0
2025-07-28 21:57:13,280 [INFO] ThirdParty:1030 - CMSIS Pack Vendor :STMicroelectronics X-CUBE-TOF1 3.4.2
2025-07-28 21:57:13,280 [INFO] ThirdParty:1030 - CMSIS Pack Vendor :STMicroelectronics X-CUBE-TOF1 3.4.3
2025-07-28 21:57:13,280 [INFO] ThirdParty:1030 - CMSIS Pack Vendor :STMicroelectronics X-CUBE-AI 9.1.0
2025-07-28 21:57:13,280 [INFO] ThirdParty:1030 - CMSIS Pack Vendor :wolfSSL I-CUBE-wolfSSH 1.4.17
2025-07-28 21:57:13,281 [INFO] ThirdParty:841 - exiting critical section [change project]
2025-07-28 21:57:13,897 [INFO] PinOutPanel:1589 - setPackage(No Configuration,No Configuration)
2025-07-28 21:57:13,899 [INFO] PinOutPanel:1589 - setPackage(STM32F407VETx,LQFP100)
2025-07-28 21:57:14,443 [INFO] UtilMem:75 - Before build in PCC Used Memory: 995322816 Bytes (1073741824)
2025-07-28 21:57:15,232 [INFO] UtilMem:75 - After build in PCC Used Memory: 709683720 Bytes (1073741824)
2025-07-28 21:57:15,266 [INFO] IPUIPlugin:80 - create IPUIPlugin
2025-07-28 21:57:15,266 [INFO] IPUIPlugin:80 - create IPUIPlugin
2025-07-28 21:57:15,266 [INFO] IPUIPlugin:80 - create IPUIPlugin
2025-07-28 21:57:15,266 [INFO] IPUIPlugin:80 - create IPUIPlugin
2025-07-28 21:57:15,266 [INFO] IPUIPlugin:80 - create IPUIPlugin
2025-07-28 21:57:15,266 [INFO] IPUIPlugin:80 - create IPUIPlugin
2025-07-28 21:57:15,268 [INFO] IPUIPlugin:80 - create IPUIPlugin
2025-07-28 21:57:15,268 [INFO] IPUIPlugin:80 - create IPUIPlugin
2025-07-28 21:57:15,268 [INFO] IPUIPlugin:80 - create IPUIPlugin
2025-07-28 21:57:15,268 [INFO] IPUIPlugin:80 - create IPUIPlugin
2025-07-28 21:57:15,268 [INFO] IPUIPlugin:80 - create IPUIPlugin
2025-07-28 21:57:15,268 [INFO] IPUIPlugin:80 - create IPUIPlugin
2025-07-28 21:57:15,268 [INFO] IPUIPlugin:80 - create IPUIPlugin
2025-07-28 21:57:15,269 [INFO] IPUIPlugin:80 - create IPUIPlugin
2025-07-28 21:57:15,269 [INFO] IPUIPlugin:80 - create IPUIPlugin
2025-07-28 21:57:15,269 [INFO] IPUIPlugin:80 - create IPUIPlugin
2025-07-28 21:57:15,269 [INFO] IPUIPlugin:80 - create IPUIPlugin
2025-07-28 21:57:15,269 [INFO] IPUIPlugin:80 - create IPUIPlugin
2025-07-28 21:57:15,269 [INFO] IPUIPlugin:80 - create IPUIPlugin
2025-07-28 21:57:15,269 [INFO] IPUIPlugin:80 - create IPUIPlugin
2025-07-28 21:57:15,270 [INFO] IPUIPlugin:80 - create IPUIPlugin
2025-07-28 21:57:15,270 [INFO] IPUIPlugin:80 - create IPUIPlugin
2025-07-28 21:57:15,271 [INFO] IPUIPlugin:80 - create IPUIPlugin
2025-07-28 21:57:15,271 [INFO] IPUIPlugin:80 - create IPUIPlugin
2025-07-28 21:57:15,271 [INFO] IPUIPlugin:80 - create IPUIPlugin
2025-07-28 21:57:15,271 [INFO] IPUIPlugin:80 - create IPUIPlugin
2025-07-28 21:57:15,272 [INFO] IPUIPlugin:80 - create IPUIPlugin
2025-07-28 21:57:15,272 [INFO] IPUIPlugin:80 - create IPUIPlugin
2025-07-28 21:57:15,272 [INFO] IPUIPlugin:80 - create IPUIPlugin
2025-07-28 21:57:15,272 [INFO] IPUIPlugin:80 - create IPUIPlugin
2025-07-28 21:57:15,272 [INFO] IPUIPlugin:80 - create IPUIPlugin
2025-07-28 21:57:15,273 [INFO] IPUIPlugin:80 - create IPUIPlugin
2025-07-28 21:57:15,273 [INFO] IPUIPlugin:80 - create IPUIPlugin
2025-07-28 21:57:15,273 [INFO] IPUIPlugin:80 - create IPUIPlugin
2025-07-28 21:57:15,273 [INFO] IPUIPlugin:80 - create IPUIPlugin
2025-07-28 21:57:15,273 [INFO] IPUIPlugin:80 - create IPUIPlugin
2025-07-28 21:57:15,274 [INFO] IPUIPlugin:80 - create IPUIPlugin
2025-07-28 21:57:15,274 [INFO] IPUIPlugin:80 - create IPUIPlugin
2025-07-28 21:57:15,274 [INFO] IPUIPlugin:80 - create IPUIPlugin
2025-07-28 21:57:15,274 [INFO] IPUIPlugin:80 - create IPUIPlugin
2025-07-28 21:57:15,274 [INFO] IPUIPlugin:80 - create IPUIPlugin
2025-07-28 21:57:15,275 [INFO] IPUIPlugin:80 - create IPUIPlugin
2025-07-28 21:57:15,275 [INFO] IPUIPlugin:80 - create IPUIPlugin
2025-07-28 21:57:15,275 [INFO] IPUIPlugin:80 - create IPUIPlugin
2025-07-28 21:57:15,275 [INFO] IPUIPlugin:80 - create IPUIPlugin
2025-07-28 21:57:15,276 [INFO] IPUIPlugin:80 - create IPUIPlugin
2025-07-28 21:57:15,276 [INFO] IPUIPlugin:80 - create IPUIPlugin
2025-07-28 21:57:15,276 [INFO] IPUIPlugin:80 - create IPUIPlugin
2025-07-28 21:57:15,276 [INFO] IPUIPlugin:80 - create IPUIPlugin
2025-07-28 21:57:15,277 [INFO] IPUIPlugin:80 - create IPUIPlugin
2025-07-28 21:57:15,277 [INFO] IPUIPlugin:80 - create IPUIPlugin
2025-07-28 21:57:15,277 [INFO] IPUIPlugin:80 - create IPUIPlugin
2025-07-28 21:57:15,277 [INFO] IPUIPlugin:80 - create IPUIPlugin
2025-07-28 21:57:15,278 [INFO] IPUIPlugin:80 - create IPUIPlugin
2025-07-28 21:57:15,278 [INFO] IPUIPlugin:80 - create IPUIPlugin
2025-07-28 21:57:15,278 [INFO] IPUIPlugin:80 - create IPUIPlugin
2025-07-28 21:57:15,279 [INFO] IPUIPlugin:80 - create IPUIPlugin
2025-07-28 21:57:15,279 [INFO] IPUIPlugin:80 - create IPUIPlugin
2025-07-28 21:57:15,354 [INFO] ApiDbMcu:532 - Load IP Config File for PDM2PCM
2025-07-28 21:57:15,545 [INFO] CADModel:165 - CPN selected for project levelSTM32F407VET6
2025-07-28 21:57:15,545 [INFO] CADModel:114 - Register for checkConnection events
2025-07-28 21:57:15,594 [INFO] OpenFileManager:386 - Restore cursor
2025-07-28 21:57:16,899 [INFO] UtilMem:75 - End SaveConfig() Used Memory: 846006144 Bytes (1073741824)
2025-07-28 21:57:16,973 [INFO] UtilMem:75 - End SaveConfig() Used Memory: 869460704 Bytes (1073741824)
2025-07-28 21:57:17,465 [INFO] BlockDiagram:2775 - set Specific Code input for plugin: RCC
2025-07-28 21:57:17,465 [INFO] BlockDiagram:2775 - set Specific Code input for plugin: NVIC
2025-07-28 21:57:17,467 [INFO] CodeGenerator:892 - code generatio: config db path: C:\ST\STM32CubeIDE_1.19.0\STM32CubeIDE\plugins\com.st.stm32cube.common.mx_6.15.0.202507011659\\db\
2025-07-28 21:57:17,692 [INFO] CodeEngine:265 - oldGeneratedFile, E:\LAP_TRINH_STM32\STM32_CO_BAN\BAI3-2_TIMER\MXTmpFiles\license.tmp_save
2025-07-28 21:57:18,177 [INFO] CodeEngine:289 - Generated code: E:\LAP_TRINH_STM32\STM32_CO_BAN\BAI3-2_TIMER\MXTmpFiles\license.tmp
2025-07-28 21:57:18,199 [INFO] CodeEngine:265 - oldGeneratedFile, E:\LAP_TRINH_STM32\STM32_CO_BAN\BAI3-2_TIMER\Core\Src\stm32f4xx_it.c_save
2025-07-28 21:57:18,368 [INFO] CodeEngine:289 - Generated code: E:\LAP_TRINH_STM32\STM32_CO_BAN\BAI3-2_TIMER\Core\Src\stm32f4xx_it.c
2025-07-28 21:57:18,373 [INFO] CodeEngine:265 - oldGeneratedFile, E:\LAP_TRINH_STM32\STM32_CO_BAN\BAI3-2_TIMER\Core\Inc\stm32f4xx_it.h_save
2025-07-28 21:57:18,457 [INFO] CodeEngine:289 - Generated code: E:\LAP_TRINH_STM32\STM32_CO_BAN\BAI3-2_TIMER\Core\Inc\stm32f4xx_it.h
2025-07-28 21:57:18,526 [INFO] CodeEngine:265 - oldGeneratedFile, E:\LAP_TRINH_STM32\STM32_CO_BAN\BAI3-2_TIMER\Core\Src\stm32f4xx_hal_msp.c_save
2025-07-28 21:57:18,697 [INFO] CodeEngine:289 - Generated code: E:\LAP_TRINH_STM32\STM32_CO_BAN\BAI3-2_TIMER\Core\Src\stm32f4xx_hal_msp.c
2025-07-28 21:57:18,704 [INFO] CodeEngine:265 - oldGeneratedFile, E:\LAP_TRINH_STM32\STM32_CO_BAN\BAI3-2_TIMER\MXTmpFiles\system.tmp_save
2025-07-28 21:57:18,782 [INFO] CodeEngine:289 - Generated code: E:\LAP_TRINH_STM32\STM32_CO_BAN\BAI3-2_TIMER\MXTmpFiles\system.tmp
2025-07-28 21:57:18,794 [INFO] CodeEngine:321 - oldGeneratedFile, E:\LAP_TRINH_STM32\STM32_CO_BAN\BAI3-2_TIMER\Core\Inc\stm32f4xx_hal_conf.h_save
2025-07-28 21:57:18,885 [INFO] CodeEngine:345 - Generated code: E:\LAP_TRINH_STM32\STM32_CO_BAN\BAI3-2_TIMER\Core\Inc\stm32f4xx_hal_conf.h
2025-07-28 21:57:18,945 [INFO] ApiDbMcu:532 - Load IP Config File for RCC
2025-07-28 21:57:18,956 [INFO] CodeEngine:265 - oldGeneratedFile, E:\LAP_TRINH_STM32\STM32_CO_BAN\BAI3-2_TIMER\Core\Inc\main.h_save
2025-07-28 21:57:19,067 [INFO] CodeEngine:289 - Generated code: E:\LAP_TRINH_STM32\STM32_CO_BAN\BAI3-2_TIMER\Core\Inc\main.h
2025-07-28 21:57:19,073 [INFO] CodeEngine:265 - oldGeneratedFile, E:\LAP_TRINH_STM32\STM32_CO_BAN\BAI3-2_TIMER\Core\Src\main.c_save
2025-07-28 21:57:19,238 [INFO] CodeEngine:289 - Generated code: E:\LAP_TRINH_STM32\STM32_CO_BAN\BAI3-2_TIMER\Core\Src\main.c
2025-07-28 21:57:19,835 [INFO] ProjectBuilder:3606 - Time for Copy HAL[1] : 242mS.
2025-07-28 21:57:19,843 [INFO] ProjectBuilder:5216 - Project Generator version: 4.7.0-B52
2025-07-28 21:57:19,935 [INFO] ConfigFileManager:1595 - The Die is : DIE413
2025-07-28 21:57:19,948 [INFO] ApiDbMcu:532 - Load IP Config File for FATFS
2025-07-28 21:57:19,973 [INFO] ApiDbMcu:532 - Load IP Config File for FREERTOS
2025-07-28 21:57:19,981 [INFO] ApiDbMcu:532 - Load IP Config File for LIBJPEG
2025-07-28 21:57:20,036 [INFO] ApiDbMcu:532 - Load IP Config File for LWIP
2025-07-28 21:57:20,072 [INFO] ApiDbMcu:532 - Load IP Config File for MBEDTLS
2025-07-28 21:57:20,106 [INFO] ApiDbMcu:532 - Load IP Config File for USB_DEVICE
2025-07-28 21:57:20,120 [INFO] ApiDbMcu:532 - Load IP Config File for USB_HOST
2025-07-28 21:57:20,506 [INFO] LogOutputStream:77 - [STDOUT_REDIRECT] 
2025-07-28 21:57:22,981 [INFO] ProjectBuilder:5496 - Time for Generating toolchain IDE Files: 3139mS.
2025-07-28 21:57:22,982 [INFO] ProjectBuilder:3463 - Time for Copy CMSIS : 0mS.
2025-07-28 21:57:22,984 [INFO] ProjectBuilder:3463 - Time for Copy CMSIS : 0mS.
2025-07-28 21:57:24,235 [INFO] McuFinderGlobals:76 - Set McuFinderConnectedMode to true
2025-07-28 21:57:24,240 [INFO] ApiDb:448 - Save user favorites file C:\Users\Admin/.stm32cubeide/favorites.mcus.txt: 0 item(s)
2025-07-28 21:57:24,241 [INFO] ApiDb:452 - User favorites MCUs=[]
2025-07-28 22:05:08,126 [INFO] NvicIntPanel:101 - NVIC parent = com.st.microxplorer.plugins.ip.nvic.MultiNvicIntPanel[,0,0,0x0,invalid,layout=javax.swing.BoxLayout,alignmentX=0.0,alignmentY=0.0,border=,flags=9,maximumSize=,minimumSize=,preferredSize=]
2025-07-28 22:05:15,572 [INFO] NvicIntPanel:101 - NVIC parent = com.st.microxplorer.plugins.ip.nvic.MultiNvicIntPanel[,0,0,0x0,invalid,layout=javax.swing.BoxLayout,alignmentX=0.0,alignmentY=0.0,border=,flags=9,maximumSize=,minimumSize=,preferredSize=]
2025-07-28 22:05:20,771 [INFO] UtilMem:75 - End SaveConfig() Used Memory: 858159496 Bytes (1073741824)
2025-07-28 22:05:23,088 [INFO] UtilMem:75 - End SaveConfig() Used Memory: 948337032 Bytes (1073741824)
2025-07-28 22:05:23,351 [INFO] BlockDiagram:2775 - set Specific Code input for plugin: TIM1_8
2025-07-28 22:05:23,352 [INFO] BlockDiagram:2775 - set Specific Code input for plugin: SYS
2025-07-28 22:05:23,352 [INFO] BlockDiagram:2775 - set Specific Code input for plugin: RCC
2025-07-28 22:05:23,352 [INFO] BlockDiagram:2775 - set Specific Code input for plugin: NVIC
2025-07-28 22:05:23,352 [INFO] BlockDiagram:2775 - set Specific Code input for plugin: GPIO
2025-07-28 22:05:23,355 [INFO] CodeGenerator:892 - code generatio: config db path: C:\ST\STM32CubeIDE_1.19.0\STM32CubeIDE\plugins\com.st.stm32cube.common.mx_6.15.0.202507011659\\db\
2025-07-28 22:05:23,431 [INFO] CodeEngine:265 - oldGeneratedFile, E:\LAP_TRINH_STM32\STM32_CO_BAN\BAI3-2_TIMER\MXTmpFiles\license.tmp_save
2025-07-28 22:05:23,510 [INFO] CodeEngine:289 - Generated code: E:\LAP_TRINH_STM32\STM32_CO_BAN\BAI3-2_TIMER\MXTmpFiles\license.tmp
2025-07-28 22:05:23,550 [INFO] CodeEngine:265 - oldGeneratedFile, E:\LAP_TRINH_STM32\STM32_CO_BAN\BAI3-2_TIMER\MXTmpFiles\gpio.tmp_save
2025-07-28 22:05:23,617 [INFO] CodeEngine:289 - Generated code: E:\LAP_TRINH_STM32\STM32_CO_BAN\BAI3-2_TIMER\MXTmpFiles\gpio.tmp
2025-07-28 22:05:23,738 [INFO] CodeEngine:265 - oldGeneratedFile, E:\LAP_TRINH_STM32\STM32_CO_BAN\BAI3-2_TIMER\Core\Src\stm32f4xx_it.c_save
2025-07-28 22:05:23,820 [INFO] CodeEngine:289 - Generated code: E:\LAP_TRINH_STM32\STM32_CO_BAN\BAI3-2_TIMER\Core\Src\stm32f4xx_it.c
2025-07-28 22:05:23,825 [INFO] CodeEngine:265 - oldGeneratedFile, E:\LAP_TRINH_STM32\STM32_CO_BAN\BAI3-2_TIMER\Core\Inc\stm32f4xx_it.h_save
2025-07-28 22:05:23,880 [INFO] CodeEngine:289 - Generated code: E:\LAP_TRINH_STM32\STM32_CO_BAN\BAI3-2_TIMER\Core\Inc\stm32f4xx_it.h
2025-07-28 22:05:23,895 [INFO] CodeEngine:265 - oldGeneratedFile, E:\LAP_TRINH_STM32\STM32_CO_BAN\BAI3-2_TIMER\Core\Src\stm32f4xx_hal_msp.c_save
2025-07-28 22:05:23,985 [INFO] CodeEngine:289 - Generated code: E:\LAP_TRINH_STM32\STM32_CO_BAN\BAI3-2_TIMER\Core\Src\stm32f4xx_hal_msp.c
2025-07-28 22:05:23,989 [INFO] CodeEngine:265 - oldGeneratedFile, E:\LAP_TRINH_STM32\STM32_CO_BAN\BAI3-2_TIMER\MXTmpFiles\system.tmp_save
2025-07-28 22:05:24,039 [INFO] CodeEngine:289 - Generated code: E:\LAP_TRINH_STM32\STM32_CO_BAN\BAI3-2_TIMER\MXTmpFiles\system.tmp
2025-07-28 22:05:24,049 [INFO] CodeEngine:321 - oldGeneratedFile, E:\LAP_TRINH_STM32\STM32_CO_BAN\BAI3-2_TIMER\Core\Inc\stm32f4xx_hal_conf.h_save
2025-07-28 22:05:24,108 [INFO] CodeEngine:345 - Generated code: E:\LAP_TRINH_STM32\STM32_CO_BAN\BAI3-2_TIMER\Core\Inc\stm32f4xx_hal_conf.h
2025-07-28 22:05:24,186 [INFO] ApiDbMcu:532 - Load IP Config File for TIM2
2025-07-28 22:05:24,187 [WARN] IPConfigManager:3811 - IP not found : TIM
2025-07-28 22:05:24,188 [WARN] CodeGenerator:4259 - IP not found : null
2025-07-28 22:05:24,196 [INFO] CodeEngine:265 - oldGeneratedFile, E:\LAP_TRINH_STM32\STM32_CO_BAN\BAI3-2_TIMER\Core\Inc\main.h_save
2025-07-28 22:05:24,255 [INFO] CodeEngine:289 - Generated code: E:\LAP_TRINH_STM32\STM32_CO_BAN\BAI3-2_TIMER\Core\Inc\main.h
2025-07-28 22:05:24,260 [INFO] CodeEngine:265 - oldGeneratedFile, E:\LAP_TRINH_STM32\STM32_CO_BAN\BAI3-2_TIMER\Core\Src\main.c_save
2025-07-28 22:05:24,344 [INFO] CodeEngine:289 - Generated code: E:\LAP_TRINH_STM32\STM32_CO_BAN\BAI3-2_TIMER\Core\Src\main.c
2025-07-28 22:05:24,670 [INFO] ProjectBuilder:3606 - Time for Copy HAL[1] : 188mS.
2025-07-28 22:05:24,671 [INFO] ProjectBuilder:5216 - Project Generator version: 4.7.0-B52
2025-07-28 22:05:24,740 [INFO] ConfigFileManager:1595 - The Die is : DIE413
2025-07-28 22:05:25,660 [INFO] ProjectBuilder:5496 - Time for Generating toolchain IDE Files: 989mS.
2025-07-28 22:05:25,661 [INFO] ProjectBuilder:3463 - Time for Copy CMSIS : 0mS.
2025-07-28 22:05:25,662 [INFO] ProjectBuilder:3463 - Time for Copy CMSIS : 0mS.
